2026-05-15 21:48:31,891 — INFO — HTTP Request: POST https://api.telegram.org/bot8668134981:AAFI6iZCi4rMSb8sqSKE2QGg7lIclgR_61w/getMe "HTTP/1.1 200 OK"
2026-05-15 21:48:31,892 — INFO — Application started
2026-05-15 21:48:31,945 — INFO — HTTP Request: POST https://api.telegram.org/bot8668134981:AAFI6iZCi4rMSb8sqSKE2QGg7lIclgR_61w/deleteWebhook "HTTP/1.1 200 OK"
2026-05-15 21:48:31,946 — INFO — Bot çalýţýyor...
2026-05-15 21:48:32,930 — INFO — HTTP Request: POST https://api.telegram.org/bot8668134981:AAFI6iZCi4rMSb8sqSKE2QGg7lIclgR_61w/sendMessage "HTTP/1.1 200 OK"
2026-05-15 21:48:34,368 — INFO — HTTP Request: POST https://api.telegram.org/bot8668134981:AAFI6iZCi4rMSb8sqSKE2QGg7lIclgR_61w/sendMessage "HTTP/1.1 200 OK"
2026-05-15 21:48:43,000 — INFO — HTTP Request: POST https://api.telegram.org/bot8668134981:AAFI6iZCi4rMSb8sqSKE2QGg7lIclgR_61w/getUpdates "HTTP/1.1 200 OK"
2026-05-15 21:48:53,059 — INFO — HTTP Request: POST https://api.telegram.org/bot8668134981:AAFI6iZCi4rMSb8sqSKE2QGg7lIclgR_61w/getUpdates "HTTP/1.1 200 OK"
2026-05-15 21:49:03,113 — INFO — HTTP Request: POST https://api.telegram.org/bot8668134981:AAFI6iZCi4rMSb8sqSKE2QGg7lIclgR_61w/getUpdates "HTTP/1.1 200 OK"
2026-05-15 21:49:13,172 — INFO — HTTP Request: POST https://api.telegram.org/bot8668134981:AAFI6iZCi4rMSb8sqSKE2QGg7lIclgR_61w/getUpdates "HTTP/1.1 200 OK"
2026-05-15 21:49:23,227 — INFO — HTTP Request: POST https://api.telegram.org/bot8668134981:AAFI6iZCi4rMSb8sqSKE2QGg7lIclgR_61w/getUpdates "HTTP/1.1 200 OK"
2026-05-15 21:49:33,283 — INFO — HTTP Request: POST https://api.telegram.org/bot8668134981:AAFI6iZCi4rMSb8sqSKE2QGg7lIclgR_61w/getUpdates "HTTP/1.1 200 OK"
2026-05-15 21:49:43,345 — INFO — HTTP Request: POST https://api.telegram.org/bot8668134981:AAFI6iZCi4rMSb8sqSKE2QGg7lIclgR_61w/getUpdates "HTTP/1.1 200 OK"
2026-05-15 21:49:53,404 — INFO — HTTP Request: POST https://api.telegram.org/bot8668134981:AAFI6iZCi4rMSb8sqSKE2QGg7lIclgR_61w/getUpdates "HTTP/1.1 200 OK"
2026-05-15 21:50:03,466 — INFO — HTTP Request: POST https://api.telegram.org/bot8668134981:AAFI6iZCi4rMSb8sqSKE2QGg7lIclgR_61w/getUpdates "HTTP/1.1 200 OK"
2026-05-15 21:50:13,522 — INFO — HTTP Request: POST https://api.telegram.org/bot8668134981:AAFI6iZCi4rMSb8sqSKE2QGg7lIclgR_61w/getUpdates "HTTP/1.1 200 OK"
2026-05-15 21:50:23,576 — INFO — HTTP Request: POST https://api.telegram.org/bot8668134981:AAFI6iZCi4rMSb8sqSKE2QGg7lIclgR_61w/getUpdates "HTTP/1.1 200 OK"
2026-05-15 21:50:33,636 — INFO — HTTP Request: POST https://api.telegram.org/bot8668134981:AAFI6iZCi4rMSb8sqSKE2QGg7lIclgR_61w/getUpdates "HTTP/1.1 200 OK"
2026-05-15 21:50:43,701 — INFO — HTTP Request: POST https://api.telegram.org/bot8668134981:AAFI6iZCi4rMSb8sqSKE2QGg7lIclgR_61w/getUpdates "HTTP/1.1 200 OK"
2026-05-15 21:50:53,755 — INFO — HTTP Request: POST https://api.telegram.org/bot8668134981:AAFI6iZCi4rMSb8sqSKE2QGg7lIclgR_61w/getUpdates "HTTP/1.1 200 OK"
2026-05-15 21:51:03,811 — INFO — HTTP Request: POST https://api.telegram.org/bot8668134981:AAFI6iZCi4rMSb8sqSKE2QGg7lIclgR_61w/getUpdates "HTTP/1.1 200 OK"
2026-05-15 21:51:13,871 — INFO — HTTP Request: POST https://api.telegram.org/bot8668134981:AAFI6iZCi4rMSb8sqSKE2QGg7lIclgR_61w/getUpdates "HTTP/1.1 200 OK"
2026-05-15 21:51:21,398 — INFO — HTTP Request: POST https://api.telegram.org/bot8668134981:AAFI6iZCi4rMSb8sqSKE2QGg7lIclgR_61w/getUpdates "HTTP/1.1 200 OK"
2026-05-15 21:51:22,643 — INFO — HTTP Request: POST https://api.telegram.org/bot8668134981:AAFI6iZCi4rMSb8sqSKE2QGg7lIclgR_61w/sendMessage "HTTP/1.1 200 OK"
2026-05-15 21:51:24,486 — INFO — HTTP Request: POST https://api.telegram.org/bot8668134981:AAFI6iZCi4rMSb8sqSKE2QGg7lIclgR_61w/getUpdates "HTTP/1.1 200 OK"
2026-05-15 21:51:24,931 — INFO — HTTP Request: POST https://api.telegram.org/bot8668134981:AAFI6iZCi4rMSb8sqSKE2QGg7lIclgR_61w/sendMessage "HTTP/1.1 200 OK"
2026-05-15 21:51:34,862 — INFO — HTTP Request: POST https://api.telegram.org/bot8668134981:AAFI6iZCi4rMSb8sqSKE2QGg7lIclgR_61w/getUpdates "HTTP/1.1 200 OK"
2026-05-15 21:51:44,918 — INFO — HTTP Request: POST https://api.telegram.org/bot8668134981:AAFI6iZCi4rMSb8sqSKE2QGg7lIclgR_61w/getUpdates "HTTP/1.1 200 OK"
2026-05-15 21:51:47,130 — INFO — HTTP Request: POST https://api.telegram.org/bot8668134981:AAFI6iZCi4rMSb8sqSKE2QGg7lIclgR_61w/getUpdates "HTTP/1.1 200 OK"
2026-05-15 21:51:47,362 — INFO — HTTP Request: POST https://api.telegram.org/bot8668134981:AAFI6iZCi4rMSb8sqSKE2QGg7lIclgR_61w/sendMessage "HTTP/1.1 200 OK"
2026-05-15 21:51:48,333 — INFO — HTTP Request: POST https://api.telegram.org/bot8668134981:AAFI6iZCi4rMSb8sqSKE2QGg7lIclgR_61w/sendMessage "HTTP/1.1 200 OK"
2026-05-15 21:51:57,191 — INFO — HTTP Request: POST https://api.telegram.org/bot8668134981:AAFI6iZCi4rMSb8sqSKE2QGg7lIclgR_61w/getUpdates "HTTP/1.1 200 OK"
2026-05-15 21:52:07,245 — INFO — HTTP Request: POST https://api.telegram.org/bot8668134981:AAFI6iZCi4rMSb8sqSKE2QGg7lIclgR_61w/getUpdates "HTTP/1.1 200 OK"
2026-05-15 21:52:17,317 — INFO — HTTP Request: POST https://api.telegram.org/bot8668134981:AAFI6iZCi4rMSb8sqSKE2QGg7lIclgR_61w/getUpdates "HTTP/1.1 200 OK"
2026-05-15 21:52:35,737 — INFO — HTTP Request: POST https://api.telegram.org/bot8668134981:AAFI6iZCi4rMSb8sqSKE2QGg7lIclgR_61w/getMe "HTTP/1.1 200 OK"
2026-05-15 21:52:35,738 — INFO — Application started
2026-05-15 21:52:35,791 — INFO — HTTP Request: POST https://api.telegram.org/bot8668134981:AAFI6iZCi4rMSb8sqSKE2QGg7lIclgR_61w/deleteWebhook "HTTP/1.1 200 OK"
2026-05-15 21:52:35,792 — INFO — Bot çalýţýyor...
2026-05-15 21:52:36,180 — INFO — HTTP Request: POST https://api.telegram.org/bot8668134981:AAFI6iZCi4rMSb8sqSKE2QGg7lIclgR_61w/sendMessage "HTTP/1.1 200 OK"
2026-05-15 21:52:37,002 — INFO — Taranacak coin: 230
2026-05-15 21:52:47,420 — INFO — HTTP Request: POST https://api.telegram.org/bot8668134981:AAFI6iZCi4rMSb8sqSKE2QGg7lIclgR_61w/getUpdates "HTTP/1.1 200 OK"
2026-05-15 21:52:57,647 — INFO — HTTP Request: POST https://api.telegram.org/bot8668134981:AAFI6iZCi4rMSb8sqSKE2QGg7lIclgR_61w/getUpdates "HTTP/1.1 200 OK"
2026-05-15 21:53:07,953 — INFO — HTTP Request: POST https://api.telegram.org/bot8668134981:AAFI6iZCi4rMSb8sqSKE2QGg7lIclgR_61w/getUpdates "HTTP/1.1 200 OK"
2026-05-15 21:53:18,161 — INFO — HTTP Request: POST https://api.telegram.org/bot8668134981:AAFI6iZCi4rMSb8sqSKE2QGg7lIclgR_61w/getUpdates "HTTP/1.1 200 OK"
2026-05-15 21:53:28,717 — INFO — HTTP Request: POST https://api.telegram.org/bot8668134981:AAFI6iZCi4rMSb8sqSKE2QGg7lIclgR_61w/getUpdates "HTTP/1.1 200 OK"
2026-05-15 21:53:39,031 — INFO — HTTP Request: POST https://api.telegram.org/bot8668134981:AAFI6iZCi4rMSb8sqSKE2QGg7lIclgR_61w/getUpdates "HTTP/1.1 200 OK"
2026-05-15 21:53:49,206 — INFO — HTTP Request: POST https://api.telegram.org/bot8668134981:AAFI6iZCi4rMSb8sqSKE2QGg7lIclgR_61w/getUpdates "HTTP/1.1 200 OK"
2026-05-15 21:53:59,342 — INFO — HTTP Request: POST https://api.telegram.org/bot8668134981:AAFI6iZCi4rMSb8sqSKE2QGg7lIclgR_61w/getUpdates "HTTP/1.1 200 OK"
2026-05-15 21:54:02,350 — INFO — Tarama bitti — 4 sinyal
2026-05-15 21:54:03,656 — ERROR — Alým hatasý TVKUSDT: APIError(code=-1013): Market is closed.
2026-05-15 21:54:04,955 — ERROR — Alým hatasý POLYUSDT: APIError(code=-1013): Market is closed.
2026-05-15 21:54:04,955 — INFO — Bu turda alým yapýlmadý.
2026-05-15 21:54:09,395 — INFO — HTTP Request: POST https://api.telegram.org/bot8668134981:AAFI6iZCi4rMSb8sqSKE2QGg7lIclgR_61w/getUpdates "HTTP/1.1 200 OK"
2026-05-15 21:54:19,451 — INFO — HTTP Request: POST https://api.telegram.org/bot8668134981:AAFI6iZCi4rMSb8sqSKE2QGg7lIclgR_61w/getUpdates "HTTP/1.1 200 OK"
2026-05-15 21:54:29,506 — INFO — HTTP Request: POST https://api.telegram.org/bot8668134981:AAFI6iZCi4rMSb8sqSKE2QGg7lIclgR_61w/getUpdates "HTTP/1.1 200 OK"
2026-05-15 21:54:39,560 — INFO — HTTP Request: POST https://api.telegram.org/bot8668134981:AAFI6iZCi4rMSb8sqSKE2QGg7lIclgR_61w/getUpdates "HTTP/1.1 200 OK"
2026-05-15 21:54:49,614 — INFO — HTTP Request: POST https://api.telegram.org/bot8668134981:AAFI6iZCi4rMSb8sqSKE2QGg7lIclgR_61w/getUpdates "HTTP/1.1 200 OK"
2026-05-15 21:54:59,667 — INFO — HTTP Request: POST https://api.telegram.org/bot8668134981:AAFI6iZCi4rMSb8sqSKE2QGg7lIclgR_61w/getUpdates "HTTP/1.1 200 OK"
2026-05-15 21:55:09,722 — INFO — HTTP Request: POST https://api.telegram.org/bot8668134981:AAFI6iZCi4rMSb8sqSKE2QGg7lIclgR_61w/getUpdates "HTTP/1.1 200 OK"
2026-05-15 21:55:19,777 — INFO — HTTP Request: POST https://api.telegram.org/bot8668134981:AAFI6iZCi4rMSb8sqSKE2QGg7lIclgR_61w/getUpdates "HTTP/1.1 200 OK"
2026-05-15 21:55:29,836 — INFO — HTTP Request: POST https://api.telegram.org/bot8668134981:AAFI6iZCi4rMSb8sqSKE2QGg7lIclgR_61w/getUpdates "HTTP/1.1 200 OK"
2026-05-15 21:55:39,891 — INFO — HTTP Request: POST https://api.telegram.org/bot8668134981:AAFI6iZCi4rMSb8sqSKE2QGg7lIclgR_61w/getUpdates "HTTP/1.1 200 OK"
2026-05-15 21:55:49,945 — INFO — HTTP Request: POST https://api.telegram.org/bot8668134981:AAFI6iZCi4rMSb8sqSKE2QGg7lIclgR_61w/getUpdates "HTTP/1.1 200 OK"
2026-05-15 21:56:00,002 — INFO — HTTP Request: POST https://api.telegram.org/bot8668134981:AAFI6iZCi4rMSb8sqSKE2QGg7lIclgR_61w/getUpdates "HTTP/1.1 200 OK"
2026-05-15 21:56:10,060 — INFO — HTTP Request: POST https://api.telegram.org/bot8668134981:AAFI6iZCi4rMSb8sqSKE2QGg7lIclgR_61w/getUpdates "HTTP/1.1 200 OK"
2026-05-15 21:56:20,115 — INFO — HTTP Request: POST https://api.telegram.org/bot8668134981:AAFI6iZCi4rMSb8sqSKE2QGg7lIclgR_61w/getUpdates "HTTP/1.1 200 OK"
2026-05-15 21:56:30,169 — INFO — HTTP Request: POST https://api.telegram.org/bot8668134981:AAFI6iZCi4rMSb8sqSKE2QGg7lIclgR_61w/getUpdates "HTTP/1.1 200 OK"
2026-05-15 21:56:40,224 — INFO — HTTP Request: POST https://api.telegram.org/bot8668134981:AAFI6iZCi4rMSb8sqSKE2QGg7lIclgR_61w/getUpdates "HTTP/1.1 200 OK"
2026-05-15 21:56:50,280 — INFO — HTTP Request: POST https://api.telegram.org/bot8668134981:AAFI6iZCi4rMSb8sqSKE2QGg7lIclgR_61w/getUpdates "HTTP/1.1 200 OK"
2026-05-15 21:57:00,334 — INFO — HTTP Request: POST https://api.telegram.org/bot8668134981:AAFI6iZCi4rMSb8sqSKE2QGg7lIclgR_61w/getUpdates "HTTP/1.1 200 OK"
2026-05-15 21:57:10,392 — INFO — HTTP Request: POST https://api.telegram.org/bot8668134981:AAFI6iZCi4rMSb8sqSKE2QGg7lIclgR_61w/getUpdates "HTTP/1.1 200 OK"
2026-05-15 21:57:20,448 — INFO — HTTP Request: POST https://api.telegram.org/bot8668134981:AAFI6iZCi4rMSb8sqSKE2QGg7lIclgR_61w/getUpdates "HTTP/1.1 200 OK"
2026-05-15 21:57:30,502 — INFO — HTTP Request: POST https://api.telegram.org/bot8668134981:AAFI6iZCi4rMSb8sqSKE2QGg7lIclgR_61w/getUpdates "HTTP/1.1 200 OK"
2026-05-15 21:57:40,556 — INFO — HTTP Request: POST https://api.telegram.org/bot8668134981:AAFI6iZCi4rMSb8sqSKE2QGg7lIclgR_61w/getUpdates "HTTP/1.1 200 OK"
2026-05-15 21:57:50,609 — INFO — HTTP Request: POST https://api.telegram.org/bot8668134981:AAFI6iZCi4rMSb8sqSKE2QGg7lIclgR_61w/getUpdates "HTTP/1.1 200 OK"
2026-05-15 21:58:00,663 — INFO — HTTP Request: POST https://api.telegram.org/bot8668134981:AAFI6iZCi4rMSb8sqSKE2QGg7lIclgR_61w/getUpdates "HTTP/1.1 200 OK"
2026-05-15 21:58:10,717 — INFO — HTTP Request: POST https://api.telegram.org/bot8668134981:AAFI6iZCi4rMSb8sqSKE2QGg7lIclgR_61w/getUpdates "HTTP/1.1 200 OK"
2026-05-15 21:58:20,774 — INFO — HTTP Request: POST https://api.telegram.org/bot8668134981:AAFI6iZCi4rMSb8sqSKE2QGg7lIclgR_61w/getUpdates "HTTP/1.1 200 OK"
2026-05-15 21:58:30,830 — INFO — HTTP Request: POST https://api.telegram.org/bot8668134981:AAFI6iZCi4rMSb8sqSKE2QGg7lIclgR_61w/getUpdates "HTTP/1.1 200 OK"
2026-05-15 21:58:40,884 — INFO — HTTP Request: POST https://api.telegram.org/bot8668134981:AAFI6iZCi4rMSb8sqSKE2QGg7lIclgR_61w/getUpdates "HTTP/1.1 200 OK"
2026-05-15 21:58:50,939 — INFO — HTTP Request: POST https://api.telegram.org/bot8668134981:AAFI6iZCi4rMSb8sqSKE2QGg7lIclgR_61w/getUpdates "HTTP/1.1 200 OK"
2026-05-15 21:59:00,994 — INFO — HTTP Request: POST https://api.telegram.org/bot8668134981:AAFI6iZCi4rMSb8sqSKE2QGg7lIclgR_61w/getUpdates "HTTP/1.1 200 OK"
2026-05-15 21:59:06,159 — INFO — Taranacak coin: 230
2026-05-15 21:59:11,301 — INFO — HTTP Request: POST https://api.telegram.org/bot8668134981:AAFI6iZCi4rMSb8sqSKE2QGg7lIclgR_61w/getUpdates "HTTP/1.1 200 OK"
2026-05-15 21:59:21,384 — INFO — HTTP Request: POST https://api.telegram.org/bot8668134981:AAFI6iZCi4rMSb8sqSKE2QGg7lIclgR_61w/getUpdates "HTTP/1.1 200 OK"
2026-05-15 21:59:31,486 — INFO — HTTP Request: POST https://api.telegram.org/bot8668134981:AAFI6iZCi4rMSb8sqSKE2QGg7lIclgR_61w/getUpdates "HTTP/1.1 200 OK"
2026-05-15 21:59:41,562 — INFO — HTTP Request: POST https://api.telegram.org/bot8668134981:AAFI6iZCi4rMSb8sqSKE2QGg7lIclgR_61w/getUpdates "HTTP/1.1 200 OK"
2026-05-15 21:59:51,621 — INFO — HTTP Request: POST https://api.telegram.org/bot8668134981:AAFI6iZCi4rMSb8sqSKE2QGg7lIclgR_61w/getUpdates "HTTP/1.1 200 OK"
2026-05-15 22:00:02,410 — INFO — HTTP Request: POST https://api.telegram.org/bot8668134981:AAFI6iZCi4rMSb8sqSKE2QGg7lIclgR_61w/getUpdates "HTTP/1.1 200 OK"
2026-05-15 22:00:12,590 — INFO — HTTP Request: POST https://api.telegram.org/bot8668134981:AAFI6iZCi4rMSb8sqSKE2QGg7lIclgR_61w/getUpdates "HTTP/1.1 200 OK"
2026-05-15 22:00:22,727 — INFO — HTTP Request: POST https://api.telegram.org/bot8668134981:AAFI6iZCi4rMSb8sqSKE2QGg7lIclgR_61w/getUpdates "HTTP/1.1 200 OK"
2026-05-15 22:00:32,787 — INFO — HTTP Request: POST https://api.telegram.org/bot8668134981:AAFI6iZCi4rMSb8sqSKE2QGg7lIclgR_61w/getUpdates "HTTP/1.1 200 OK"
2026-05-15 22:00:35,847 — INFO — Tarama bitti — 5 sinyal
2026-05-15 22:00:36,748 — ERROR — Alým hatasý ARPAUSDT: APIError(code=-1013): Filter failure: NOTIONAL
2026-05-15 22:00:38,531 — ERROR — Alým hatasý TVKUSDT: APIError(code=-1013): Market is closed.
2026-05-15 22:00:38,532 — INFO — Bu turda alým yapýlmadý.
2026-05-15 22:00:42,845 — INFO — HTTP Request: POST https://api.telegram.org/bot8668134981:AAFI6iZCi4rMSb8sqSKE2QGg7lIclgR_61w/getUpdates "HTTP/1.1 200 OK"
2026-05-15 22:00:52,900 — INFO — HTTP Request: POST https://api.telegram.org/bot8668134981:AAFI6iZCi4rMSb8sqSKE2QGg7lIclgR_61w/getUpdates "HTTP/1.1 200 OK"
2026-05-15 22:01:02,957 — INFO — HTTP Request: POST https://api.telegram.org/bot8668134981:AAFI6iZCi4rMSb8sqSKE2QGg7lIclgR_61w/getUpdates "HTTP/1.1 200 OK"
2026-05-15 22:01:13,010 — INFO — HTTP Request: POST https://api.telegram.org/bot8668134981:AAFI6iZCi4rMSb8sqSKE2QGg7lIclgR_61w/getUpdates "HTTP/1.1 200 OK"
2026-05-15 22:01:23,067 — INFO — HTTP Request: POST https://api.telegram.org/bot8668134981:AAFI6iZCi4rMSb8sqSKE2QGg7lIclgR_61w/getUpdates "HTTP/1.1 200 OK"
2026-05-15 22:01:33,122 — INFO — HTTP Request: POST https://api.telegram.org/bot8668134981:AAFI6iZCi4rMSb8sqSKE2QGg7lIclgR_61w/getUpdates "HTTP/1.1 200 OK"
2026-05-15 22:01:43,176 — INFO — HTTP Request: POST https://api.telegram.org/bot8668134981:AAFI6iZCi4rMSb8sqSKE2QGg7lIclgR_61w/getUpdates "HTTP/1.1 200 OK"
2026-05-15 22:01:53,230 — INFO — HTTP Request: POST https://api.telegram.org/bot8668134981:AAFI6iZCi4rMSb8sqSKE2QGg7lIclgR_61w/getUpdates "HTTP/1.1 200 OK"
2026-05-15 22:02:03,284 — INFO — HTTP Request: POST https://api.telegram.org/bot8668134981:AAFI6iZCi4rMSb8sqSKE2QGg7lIclgR_61w/getUpdates "HTTP/1.1 200 OK"
2026-05-15 22:02:13,338 — INFO — HTTP Request: POST https://api.telegram.org/bot8668134981:AAFI6iZCi4rMSb8sqSKE2QGg7lIclgR_61w/getUpdates "HTTP/1.1 200 OK"
2026-05-15 22:02:23,394 — INFO — HTTP Request: POST https://api.telegram.org/bot8668134981:AAFI6iZCi4rMSb8sqSKE2QGg7lIclgR_61w/getUpdates "HTTP/1.1 200 OK"
2026-05-15 22:02:33,450 — INFO — HTTP Request: POST https://api.telegram.org/bot8668134981:AAFI6iZCi4rMSb8sqSKE2QGg7lIclgR_61w/getUpdates "HTTP/1.1 200 OK"
2026-05-15 22:02:43,505 — INFO — HTTP Request: POST https://api.telegram.org/bot8668134981:AAFI6iZCi4rMSb8sqSKE2QGg7lIclgR_61w/getUpdates "HTTP/1.1 200 OK"
2026-05-15 22:02:53,564 — INFO — HTTP Request: POST https://api.telegram.org/bot8668134981:AAFI6iZCi4rMSb8sqSKE2QGg7lIclgR_61w/getUpdates "HTTP/1.1 200 OK"
2026-05-15 22:03:03,620 — INFO — HTTP Request: POST https://api.telegram.org/bot8668134981:AAFI6iZCi4rMSb8sqSKE2QGg7lIclgR_61w/getUpdates "HTTP/1.1 200 OK"
2026-05-15 22:03:13,674 — INFO — HTTP Request: POST https://api.telegram.org/bot8668134981:AAFI6iZCi4rMSb8sqSKE2QGg7lIclgR_61w/getUpdates "HTTP/1.1 200 OK"
2026-05-15 22:03:23,728 — INFO — HTTP Request: POST https://api.telegram.org/bot8668134981:AAFI6iZCi4rMSb8sqSKE2QGg7lIclgR_61w/getUpdates "HTTP/1.1 200 OK"
2026-05-15 22:03:33,782 — INFO — HTTP Request: POST https://api.telegram.org/bot8668134981:AAFI6iZCi4rMSb8sqSKE2QGg7lIclgR_61w/getUpdates "HTTP/1.1 200 OK"
2026-05-15 22:03:43,835 — INFO — HTTP Request: POST https://api.telegram.org/bot8668134981:AAFI6iZCi4rMSb8sqSKE2QGg7lIclgR_61w/getUpdates "HTTP/1.1 200 OK"
2026-05-15 22:03:53,934 — INFO — HTTP Request: POST https://api.telegram.org/bot8668134981:AAFI6iZCi4rMSb8sqSKE2QGg7lIclgR_61w/getUpdates "HTTP/1.1 200 OK"
2026-05-15 22:04:03,987 — INFO — HTTP Request: POST https://api.telegram.org/bot8668134981:AAFI6iZCi4rMSb8sqSKE2QGg7lIclgR_61w/getUpdates "HTTP/1.1 200 OK"
2026-05-15 22:04:14,043 — INFO — HTTP Request: POST https://api.telegram.org/bot8668134981:AAFI6iZCi4rMSb8sqSKE2QGg7lIclgR_61w/getUpdates "HTTP/1.1 200 OK"
2026-05-15 22:04:24,096 — INFO — HTTP Request: POST https://api.telegram.org/bot8668134981:AAFI6iZCi4rMSb8sqSKE2QGg7lIclgR_61w/getUpdates "HTTP/1.1 200 OK"
2026-05-15 22:04:34,151 — INFO — HTTP Request: POST https://api.telegram.org/bot8668134981:AAFI6iZCi4rMSb8sqSKE2QGg7lIclgR_61w/getUpdates "HTTP/1.1 200 OK"
2026-05-15 22:04:46,800 — INFO — HTTP Request: POST https://api.telegram.org/bot8668134981:AAFI6iZCi4rMSb8sqSKE2QGg7lIclgR_61w/getMe "HTTP/1.1 200 OK"
2026-05-15 22:04:46,801 — INFO — Application started
2026-05-15 22:04:46,855 — INFO — HTTP Request: POST https://api.telegram.org/bot8668134981:AAFI6iZCi4rMSb8sqSKE2QGg7lIclgR_61w/deleteWebhook "HTTP/1.1 200 OK"
2026-05-15 22:04:46,856 — INFO — Bot çalýţýyor...
2026-05-15 22:04:47,292 — INFO — HTTP Request: POST https://api.telegram.org/bot8668134981:AAFI6iZCi4rMSb8sqSKE2QGg7lIclgR_61w/sendMessage "HTTP/1.1 200 OK"
2026-05-15 22:04:48,037 — INFO — Taranacak coin: 230
2026-05-15 22:04:57,300 — INFO — HTTP Request: POST https://api.telegram.org/bot8668134981:AAFI6iZCi4rMSb8sqSKE2QGg7lIclgR_61w/getUpdates "HTTP/1.1 200 OK"
2026-05-15 22:05:07,463 — INFO — HTTP Request: POST https://api.telegram.org/bot8668134981:AAFI6iZCi4rMSb8sqSKE2QGg7lIclgR_61w/getUpdates "HTTP/1.1 200 OK"
2026-05-15 22:05:17,517 — INFO — HTTP Request: POST https://api.telegram.org/bot8668134981:AAFI6iZCi4rMSb8sqSKE2QGg7lIclgR_61w/getUpdates "HTTP/1.1 200 OK"
2026-05-15 22:05:27,624 — INFO — HTTP Request: POST https://api.telegram.org/bot8668134981:AAFI6iZCi4rMSb8sqSKE2QGg7lIclgR_61w/getUpdates "HTTP/1.1 200 OK"
2026-05-15 22:05:37,939 — INFO — HTTP Request: POST https://api.telegram.org/bot8668134981:AAFI6iZCi4rMSb8sqSKE2QGg7lIclgR_61w/getUpdates "HTTP/1.1 200 OK"
2026-05-15 22:05:48,016 — INFO — HTTP Request: POST https://api.telegram.org/bot8668134981:AAFI6iZCi4rMSb8sqSKE2QGg7lIclgR_61w/getUpdates "HTTP/1.1 200 OK"
2026-05-15 22:05:58,082 — INFO — HTTP Request: POST https://api.telegram.org/bot8668134981:AAFI6iZCi4rMSb8sqSKE2QGg7lIclgR_61w/getUpdates "HTTP/1.1 200 OK"
2026-05-15 22:06:08,167 — INFO — HTTP Request: POST https://api.telegram.org/bot8668134981:AAFI6iZCi4rMSb8sqSKE2QGg7lIclgR_61w/getUpdates "HTTP/1.1 200 OK"
2026-05-15 22:06:15,710 — INFO — Tarama bitti — 3 sinyal
2026-05-15 22:06:17,005 — ERROR — Alým hatasý TVKUSDT: APIError(code=-1013): Market is closed.
2026-05-15 22:06:18,310 — ERROR — Alým hatasý POLYUSDT: APIError(code=-1013): Market is closed.
2026-05-15 22:06:18,311 — INFO — Bu turda alým yapýlmadý.
2026-05-15 22:06:18,312 — INFO — HTTP Request: POST https://api.telegram.org/bot8668134981:AAFI6iZCi4rMSb8sqSKE2QGg7lIclgR_61w/getUpdates "HTTP/1.1 200 OK"
2026-05-15 22:06:28,373 — INFO — HTTP Request: POST https://api.telegram.org/bot8668134981:AAFI6iZCi4rMSb8sqSKE2QGg7lIclgR_61w/getUpdates "HTTP/1.1 200 OK"
2026-05-15 22:06:38,428 — INFO — HTTP Request: POST https://api.telegram.org/bot8668134981:AAFI6iZCi4rMSb8sqSKE2QGg7lIclgR_61w/getUpdates "HTTP/1.1 200 OK"
2026-05-15 22:06:48,487 — INFO — HTTP Request: POST https://api.telegram.org/bot8668134981:AAFI6iZCi4rMSb8sqSKE2QGg7lIclgR_61w/getUpdates "HTTP/1.1 200 OK"
2026-05-15 22:06:58,542 — INFO — HTTP Request: POST https://api.telegram.org/bot8668134981:AAFI6iZCi4rMSb8sqSKE2QGg7lIclgR_61w/getUpdates "HTTP/1.1 200 OK"
2026-05-15 22:07:08,596 — INFO — HTTP Request: POST https://api.telegram.org/bot8668134981:AAFI6iZCi4rMSb8sqSKE2QGg7lIclgR_61w/getUpdates "HTTP/1.1 200 OK"
2026-05-15 22:07:12,469 — INFO — HTTP Request: POST https://api.telegram.org/bot8668134981:AAFI6iZCi4rMSb8sqSKE2QGg7lIclgR_61w/getUpdates "HTTP/1.1 200 OK"
2026-05-15 22:07:12,999 — INFO — HTTP Request: POST https://api.telegram.org/bot8668134981:AAFI6iZCi4rMSb8sqSKE2QGg7lIclgR_61w/sendMessage "HTTP/1.1 200 OK"
2026-05-15 22:07:22,806 — INFO — HTTP Request: POST https://api.telegram.org/bot8668134981:AAFI6iZCi4rMSb8sqSKE2QGg7lIclgR_61w/getUpdates "HTTP/1.1 200 OK"
2026-05-15 22:07:32,860 — INFO — HTTP Request: POST https://api.telegram.org/bot8668134981:AAFI6iZCi4rMSb8sqSKE2QGg7lIclgR_61w/getUpdates "HTTP/1.1 200 OK"
2026-05-15 22:07:42,916 — INFO — HTTP Request: POST https://api.telegram.org/bot8668134981:AAFI6iZCi4rMSb8sqSKE2QGg7lIclgR_61w/getUpdates "HTTP/1.1 200 OK"
2026-05-15 22:07:52,968 — INFO — HTTP Request: POST https://api.telegram.org/bot8668134981:AAFI6iZCi4rMSb8sqSKE2QGg7lIclgR_61w/getUpdates "HTTP/1.1 200 OK"
2026-05-15 22:08:03,024 — INFO — HTTP Request: POST https://api.telegram.org/bot8668134981:AAFI6iZCi4rMSb8sqSKE2QGg7lIclgR_61w/getUpdates "HTTP/1.1 200 OK"
2026-05-15 22:08:13,080 — INFO — HTTP Request: POST https://api.telegram.org/bot8668134981:AAFI6iZCi4rMSb8sqSKE2QGg7lIclgR_61w/getUpdates "HTTP/1.1 200 OK"
2026-05-15 22:08:19,170 — INFO — HTTP Request: POST https://api.telegram.org/bot8668134981:AAFI6iZCi4rMSb8sqSKE2QGg7lIclgR_61w/getMe "HTTP/1.1 200 OK"
2026-05-15 22:08:19,171 — INFO — Application started
2026-05-15 22:08:19,223 — INFO — HTTP Request: POST https://api.telegram.org/bot8668134981:AAFI6iZCi4rMSb8sqSKE2QGg7lIclgR_61w/deleteWebhook "HTTP/1.1 200 OK"
2026-05-15 22:08:19,224 — INFO — Bot çalýţýyor...
2026-05-15 22:08:19,621 — INFO — HTTP Request: POST https://api.telegram.org/bot8668134981:AAFI6iZCi4rMSb8sqSKE2QGg7lIclgR_61w/sendMessage "HTTP/1.1 200 OK"
2026-05-15 22:08:20,529 — INFO — Taranacak coin: 230
2026-05-15 22:08:29,644 — INFO — HTTP Request: POST https://api.telegram.org/bot8668134981:AAFI6iZCi4rMSb8sqSKE2QGg7lIclgR_61w/getUpdates "HTTP/1.1 200 OK"
2026-05-15 22:08:39,845 — INFO — HTTP Request: POST https://api.telegram.org/bot8668134981:AAFI6iZCi4rMSb8sqSKE2QGg7lIclgR_61w/getUpdates "HTTP/1.1 200 OK"
2026-05-15 22:08:49,931 — INFO — HTTP Request: POST https://api.telegram.org/bot8668134981:AAFI6iZCi4rMSb8sqSKE2QGg7lIclgR_61w/getUpdates "HTTP/1.1 200 OK"
2026-05-15 22:08:59,981 — INFO — HTTP Request: POST https://api.telegram.org/bot8668134981:AAFI6iZCi4rMSb8sqSKE2QGg7lIclgR_61w/getUpdates "HTTP/1.1 200 OK"
2026-05-15 22:09:10,031 — INFO — HTTP Request: POST https://api.telegram.org/bot8668134981:AAFI6iZCi4rMSb8sqSKE2QGg7lIclgR_61w/getUpdates "HTTP/1.1 200 OK"
2026-05-15 22:09:20,287 — INFO — HTTP Request: POST https://api.telegram.org/bot8668134981:AAFI6iZCi4rMSb8sqSKE2QGg7lIclgR_61w/getUpdates "HTTP/1.1 200 OK"
2026-05-15 22:09:30,526 — INFO — HTTP Request: POST https://api.telegram.org/bot8668134981:AAFI6iZCi4rMSb8sqSKE2QGg7lIclgR_61w/getUpdates "HTTP/1.1 200 OK"
2026-05-15 22:09:40,786 — INFO — HTTP Request: POST https://api.telegram.org/bot8668134981:AAFI6iZCi4rMSb8sqSKE2QGg7lIclgR_61w/getUpdates "HTTP/1.1 200 OK"
2026-05-15 22:09:47,238 — INFO — Tarama bitti — 4 sinyal
2026-05-15 22:09:48,711 — INFO — TVKUSDT piyasasý kapalý, atlanýyor.
2026-05-15 22:09:49,925 — INFO — POLYUSDT piyasasý kapalý, atlanýyor.
2026-05-15 22:09:49,926 — INFO — Bu turda alým yapýlmadý.
2026-05-15 22:09:50,834 — INFO — HTTP Request: POST https://api.telegram.org/bot8668134981:AAFI6iZCi4rMSb8sqSKE2QGg7lIclgR_61w/getUpdates "HTTP/1.1 200 OK"
2026-05-15 22:10:00,885 — INFO — HTTP Request: POST https://api.telegram.org/bot8668134981:AAFI6iZCi4rMSb8sqSKE2QGg7lIclgR_61w/getUpdates "HTTP/1.1 200 OK"
2026-05-15 22:10:10,934 — INFO — HTTP Request: POST https://api.telegram.org/bot8668134981:AAFI6iZCi4rMSb8sqSKE2QGg7lIclgR_61w/getUpdates "HTTP/1.1 200 OK"
2026-05-15 22:10:20,983 — INFO — HTTP Request: POST https://api.telegram.org/bot8668134981:AAFI6iZCi4rMSb8sqSKE2QGg7lIclgR_61w/getUpdates "HTTP/1.1 200 OK"
2026-05-15 22:10:31,032 — INFO — HTTP Request: POST https://api.telegram.org/bot8668134981:AAFI6iZCi4rMSb8sqSKE2QGg7lIclgR_61w/getUpdates "HTTP/1.1 200 OK"
2026-05-15 22:10:41,082 — INFO — HTTP Request: POST https://api.telegram.org/bot8668134981:AAFI6iZCi4rMSb8sqSKE2QGg7lIclgR_61w/getUpdates "HTTP/1.1 200 OK"
2026-05-15 22:10:51,131 — INFO — HTTP Request: POST https://api.telegram.org/bot8668134981:AAFI6iZCi4rMSb8sqSKE2QGg7lIclgR_61w/getUpdates "HTTP/1.1 200 OK"
2026-05-15 22:10:55,840 — INFO — HTTP Request: POST https://api.telegram.org/bot8668134981:AAFI6iZCi4rMSb8sqSKE2QGg7lIclgR_61w/getUpdates "HTTP/1.1 200 OK"
2026-05-15 22:10:56,529 — INFO — HTTP Request: POST https://api.telegram.org/bot8668134981:AAFI6iZCi4rMSb8sqSKE2QGg7lIclgR_61w/sendMessage "HTTP/1.1 200 OK"
2026-05-15 22:11:06,164 — INFO — HTTP Request: POST https://api.telegram.org/bot8668134981:AAFI6iZCi4rMSb8sqSKE2QGg7lIclgR_61w/getUpdates "HTTP/1.1 200 OK"
2026-05-15 22:11:16,213 — INFO — HTTP Request: POST https://api.telegram.org/bot8668134981:AAFI6iZCi4rMSb8sqSKE2QGg7lIclgR_61w/getUpdates "HTTP/1.1 200 OK"
2026-05-15 22:11:26,264 — INFO — HTTP Request: POST https://api.telegram.org/bot8668134981:AAFI6iZCi4rMSb8sqSKE2QGg7lIclgR_61w/getUpdates "HTTP/1.1 200 OK"
2026-05-15 22:11:36,314 — INFO — HTTP Request: POST https://api.telegram.org/bot8668134981:AAFI6iZCi4rMSb8sqSKE2QGg7lIclgR_61w/getUpdates "HTTP/1.1 200 OK"
2026-05-15 22:11:46,364 — INFO — HTTP Request: POST https://api.telegram.org/bot8668134981:AAFI6iZCi4rMSb8sqSKE2QGg7lIclgR_61w/getUpdates "HTTP/1.1 200 OK"
2026-05-15 22:11:56,413 — INFO — HTTP Request: POST https://api.telegram.org/bot8668134981:AAFI6iZCi4rMSb8sqSKE2QGg7lIclgR_61w/getUpdates "HTTP/1.1 200 OK"
2026-05-15 22:12:06,463 — INFO — HTTP Request: POST https://api.telegram.org/bot8668134981:AAFI6iZCi4rMSb8sqSKE2QGg7lIclgR_61w/getUpdates "HTTP/1.1 200 OK"
2026-05-15 22:12:16,513 — INFO — HTTP Request: POST https://api.telegram.org/bot8668134981:AAFI6iZCi4rMSb8sqSKE2QGg7lIclgR_61w/getUpdates "HTTP/1.1 200 OK"
2026-05-15 22:12:26,561 — INFO — HTTP Request: POST https://api.telegram.org/bot8668134981:AAFI6iZCi4rMSb8sqSKE2QGg7lIclgR_61w/getUpdates "HTTP/1.1 200 OK"
2026-05-15 22:12:36,611 — INFO — HTTP Request: POST https://api.telegram.org/bot8668134981:AAFI6iZCi4rMSb8sqSKE2QGg7lIclgR_61w/getUpdates "HTTP/1.1 200 OK"
2026-05-15 22:12:46,661 — INFO — HTTP Request: POST https://api.telegram.org/bot8668134981:AAFI6iZCi4rMSb8sqSKE2QGg7lIclgR_61w/getUpdates "HTTP/1.1 200 OK"
2026-05-15 22:12:55,674 — INFO — HTTP Request: POST https://api.telegram.org/bot8668134981:AAFI6iZCi4rMSb8sqSKE2QGg7lIclgR_61w/getMe "HTTP/1.1 200 OK"
2026-05-15 22:12:55,676 — INFO — Application started
2026-05-15 22:12:55,728 — INFO — HTTP Request: POST https://api.telegram.org/bot8668134981:AAFI6iZCi4rMSb8sqSKE2QGg7lIclgR_61w/deleteWebhook "HTTP/1.1 200 OK"
2026-05-15 22:12:55,728 — INFO — Bot çalýţýyor...
2026-05-15 22:12:56,138 — INFO — HTTP Request: POST https://api.telegram.org/bot8668134981:AAFI6iZCi4rMSb8sqSKE2QGg7lIclgR_61w/sendMessage "HTTP/1.1 200 OK"
2026-05-15 22:12:56,894 — INFO — Taranacak coin: 230
2026-05-15 22:12:59,158 — INFO — HTTP Request: POST https://api.telegram.org/bot8668134981:AAFI6iZCi4rMSb8sqSKE2QGg7lIclgR_61w/getUpdates "HTTP/1.1 200 OK"
2026-05-15 22:13:00,093 — INFO — HTTP Request: POST https://api.telegram.org/bot8668134981:AAFI6iZCi4rMSb8sqSKE2QGg7lIclgR_61w/sendMessage "HTTP/1.1 200 OK"
2026-05-15 22:13:09,809 — INFO — HTTP Request: POST https://api.telegram.org/bot8668134981:AAFI6iZCi4rMSb8sqSKE2QGg7lIclgR_61w/getUpdates "HTTP/1.1 200 OK"
2026-05-15 22:13:19,886 — INFO — HTTP Request: POST https://api.telegram.org/bot8668134981:AAFI6iZCi4rMSb8sqSKE2QGg7lIclgR_61w/getUpdates "HTTP/1.1 200 OK"
2026-05-15 22:13:27,747 — INFO — HTTP Request: POST https://api.telegram.org/bot8668134981:AAFI6iZCi4rMSb8sqSKE2QGg7lIclgR_61w/getUpdates "HTTP/1.1 200 OK"
2026-05-15 22:13:28,200 — INFO — HTTP Request: POST https://api.telegram.org/bot8668134981:AAFI6iZCi4rMSb8sqSKE2QGg7lIclgR_61w/sendMessage "HTTP/1.1 200 OK"
2026-05-15 22:13:29,569 — INFO — Taranacak coin: 230
2026-05-15 22:13:36,694 — INFO — HTTP Request: POST https://api.telegram.org/bot8668134981:AAFI6iZCi4rMSb8sqSKE2QGg7lIclgR_61w/getUpdates "HTTP/1.1 200 OK"
2026-05-15 22:13:48,110 — INFO — HTTP Request: POST https://api.telegram.org/bot8668134981:AAFI6iZCi4rMSb8sqSKE2QGg7lIclgR_61w/getUpdates "HTTP/1.1 200 OK"
2026-05-15 22:13:59,534 — INFO — HTTP Request: POST https://api.telegram.org/bot8668134981:AAFI6iZCi4rMSb8sqSKE2QGg7lIclgR_61w/getUpdates "HTTP/1.1 200 OK"
2026-05-15 22:14:10,965 — INFO — HTTP Request: POST https://api.telegram.org/bot8668134981:AAFI6iZCi4rMSb8sqSKE2QGg7lIclgR_61w/getUpdates "HTTP/1.1 200 OK"
2026-05-15 22:14:22,397 — INFO — HTTP Request: POST https://api.telegram.org/bot8668134981:AAFI6iZCi4rMSb8sqSKE2QGg7lIclgR_61w/getUpdates "HTTP/1.1 200 OK"
2026-05-15 22:14:33,591 — INFO — HTTP Request: POST https://api.telegram.org/bot8668134981:AAFI6iZCi4rMSb8sqSKE2QGg7lIclgR_61w/getUpdates "HTTP/1.1 200 OK"
2026-05-15 22:14:45,011 — INFO — HTTP Request: POST https://api.telegram.org/bot8668134981:AAFI6iZCi4rMSb8sqSKE2QGg7lIclgR_61w/getUpdates "HTTP/1.1 200 OK"
2026-05-15 22:14:55,625 — INFO — Tarama bitti — 5 sinyal
2026-05-15 22:14:56,202 — INFO — TVKUSDT piyasasý kapalý, atlanýyor.
2026-05-15 22:14:56,992 — INFO — POLYUSDT piyasasý kapalý, atlanýyor.
2026-05-15 22:14:56,993 — INFO — Bu turda alým yapýlmadý.
2026-05-15 22:14:56,994 — INFO — HTTP Request: POST https://api.telegram.org/bot8668134981:AAFI6iZCi4rMSb8sqSKE2QGg7lIclgR_61w/getUpdates "HTTP/1.1 200 OK"
2026-05-15 22:15:07,547 — INFO — HTTP Request: POST https://api.telegram.org/bot8668134981:AAFI6iZCi4rMSb8sqSKE2QGg7lIclgR_61w/getUpdates "HTTP/1.1 200 OK"
2026-05-15 22:15:17,627 — INFO — HTTP Request: POST https://api.telegram.org/bot8668134981:AAFI6iZCi4rMSb8sqSKE2QGg7lIclgR_61w/getUpdates "HTTP/1.1 200 OK"
2026-05-15 22:15:27,725 — INFO — HTTP Request: POST https://api.telegram.org/bot8668134981:AAFI6iZCi4rMSb8sqSKE2QGg7lIclgR_61w/getUpdates "HTTP/1.1 200 OK"
2026-05-15 22:15:28,934 — INFO — Tarama bitti — 4 sinyal
2026-05-15 22:15:30,418 — INFO — TVKUSDT piyasasý kapalý, atlanýyor.
2026-05-15 22:15:31,445 — INFO — POLYUSDT piyasasý kapalý, atlanýyor.
2026-05-15 22:15:31,445 — INFO — Bu turda alým yapýlmadý.
2026-05-15 22:15:37,776 — INFO — HTTP Request: POST https://api.telegram.org/bot8668134981:AAFI6iZCi4rMSb8sqSKE2QGg7lIclgR_61w/getUpdates "HTTP/1.1 200 OK"
2026-05-15 22:15:47,827 — INFO — HTTP Request: POST https://api.telegram.org/bot8668134981:AAFI6iZCi4rMSb8sqSKE2QGg7lIclgR_61w/getUpdates "HTTP/1.1 200 OK"
2026-05-15 22:15:57,880 — INFO — HTTP Request: POST https://api.telegram.org/bot8668134981:AAFI6iZCi4rMSb8sqSKE2QGg7lIclgR_61w/getUpdates "HTTP/1.1 200 OK"
2026-05-15 22:16:07,934 — INFO — HTTP Request: POST https://api.telegram.org/bot8668134981:AAFI6iZCi4rMSb8sqSKE2QGg7lIclgR_61w/getUpdates "HTTP/1.1 200 OK"
2026-05-15 22:16:17,988 — INFO — HTTP Request: POST https://api.telegram.org/bot8668134981:AAFI6iZCi4rMSb8sqSKE2QGg7lIclgR_61w/getUpdates "HTTP/1.1 200 OK"
2026-05-15 22:16:28,039 — INFO — HTTP Request: POST https://api.telegram.org/bot8668134981:AAFI6iZCi4rMSb8sqSKE2QGg7lIclgR_61w/getUpdates "HTTP/1.1 200 OK"
2026-05-15 22:16:38,090 — INFO — HTTP Request: POST https://api.telegram.org/bot8668134981:AAFI6iZCi4rMSb8sqSKE2QGg7lIclgR_61w/getUpdates "HTTP/1.1 200 OK"
2026-05-15 22:16:48,141 — INFO — HTTP Request: POST https://api.telegram.org/bot8668134981:AAFI6iZCi4rMSb8sqSKE2QGg7lIclgR_61w/getUpdates "HTTP/1.1 200 OK"
2026-05-15 22:16:58,192 — INFO — HTTP Request: POST https://api.telegram.org/bot8668134981:AAFI6iZCi4rMSb8sqSKE2QGg7lIclgR_61w/getUpdates "HTTP/1.1 200 OK"
2026-05-15 22:17:08,245 — INFO — HTTP Request: POST https://api.telegram.org/bot8668134981:AAFI6iZCi4rMSb8sqSKE2QGg7lIclgR_61w/getUpdates "HTTP/1.1 200 OK"
2026-05-15 22:17:18,296 — INFO — HTTP Request: POST https://api.telegram.org/bot8668134981:AAFI6iZCi4rMSb8sqSKE2QGg7lIclgR_61w/getUpdates "HTTP/1.1 200 OK"
2026-05-15 22:17:47,178 — INFO — HTTP Request: POST https://api.telegram.org/bot8668134981:AAFI6iZCi4rMSb8sqSKE2QGg7lIclgR_61w/getMe "HTTP/1.1 200 OK"
2026-05-15 22:17:47,179 — INFO — Application started
2026-05-15 22:17:47,242 — INFO — HTTP Request: POST https://api.telegram.org/bot8668134981:AAFI6iZCi4rMSb8sqSKE2QGg7lIclgR_61w/deleteWebhook "HTTP/1.1 200 OK"
2026-05-15 22:17:47,242 — INFO — Bot çalýţýyor...
2026-05-15 22:17:47,639 — INFO — HTTP Request: POST https://api.telegram.org/bot8668134981:AAFI6iZCi4rMSb8sqSKE2QGg7lIclgR_61w/sendMessage "HTTP/1.1 200 OK"
2026-05-15 22:17:47,917 — INFO — Bakiye: 16.54785161 USDT
2026-05-15 22:17:48,057 — INFO — HTTP Request: POST https://api.telegram.org/bot8668134981:AAFI6iZCi4rMSb8sqSKE2QGg7lIclgR_61w/sendMessage "HTTP/1.1 200 OK"
2026-05-15 22:17:48,535 — INFO — Taranacak coin: 230
2026-05-15 22:17:57,901 — INFO — HTTP Request: POST https://api.telegram.org/bot8668134981:AAFI6iZCi4rMSb8sqSKE2QGg7lIclgR_61w/getUpdates "HTTP/1.1 200 OK"
2026-05-15 22:18:08,172 — INFO — HTTP Request: POST https://api.telegram.org/bot8668134981:AAFI6iZCi4rMSb8sqSKE2QGg7lIclgR_61w/getUpdates "HTTP/1.1 200 OK"
2026-05-15 22:18:18,355 — INFO — HTTP Request: POST https://api.telegram.org/bot8668134981:AAFI6iZCi4rMSb8sqSKE2QGg7lIclgR_61w/getUpdates "HTTP/1.1 200 OK"
2026-05-15 22:18:28,611 — INFO — HTTP Request: POST https://api.telegram.org/bot8668134981:AAFI6iZCi4rMSb8sqSKE2QGg7lIclgR_61w/getUpdates "HTTP/1.1 200 OK"
2026-05-15 22:18:38,781 — INFO — HTTP Request: POST https://api.telegram.org/bot8668134981:AAFI6iZCi4rMSb8sqSKE2QGg7lIclgR_61w/getUpdates "HTTP/1.1 200 OK"
2026-05-15 22:19:01,531 — INFO — HTTP Request: POST https://api.telegram.org/bot8668134981:AAFI6iZCi4rMSb8sqSKE2QGg7lIclgR_61w/getMe "HTTP/1.1 200 OK"
2026-05-15 22:19:01,532 — INFO — Application started
2026-05-15 22:19:01,584 — INFO — HTTP Request: POST https://api.telegram.org/bot8668134981:AAFI6iZCi4rMSb8sqSKE2QGg7lIclgR_61w/deleteWebhook "HTTP/1.1 200 OK"
2026-05-15 22:19:01,584 — INFO — Bot çalýţýyor...
2026-05-15 22:19:01,990 — INFO — HTTP Request: POST https://api.telegram.org/bot8668134981:AAFI6iZCi4rMSb8sqSKE2QGg7lIclgR_61w/sendMessage "HTTP/1.1 200 OK"
2026-05-15 22:19:02,266 — INFO — Bakiye: 16.54785161 USDT
2026-05-15 22:19:02,416 — INFO — HTTP Request: POST https://api.telegram.org/bot8668134981:AAFI6iZCi4rMSb8sqSKE2QGg7lIclgR_61w/sendMessage "HTTP/1.1 200 OK"
2026-05-15 22:19:02,903 — INFO — Taranacak coin: 230
2026-05-15 22:19:12,019 — INFO — HTTP Request: POST https://api.telegram.org/bot8668134981:AAFI6iZCi4rMSb8sqSKE2QGg7lIclgR_61w/getUpdates "HTTP/1.1 200 OK"
2026-05-15 22:19:22,073 — INFO — HTTP Request: POST https://api.telegram.org/bot8668134981:AAFI6iZCi4rMSb8sqSKE2QGg7lIclgR_61w/getUpdates "HTTP/1.1 200 OK"
2026-05-15 22:19:32,125 — INFO — HTTP Request: POST https://api.telegram.org/bot8668134981:AAFI6iZCi4rMSb8sqSKE2QGg7lIclgR_61w/getUpdates "HTTP/1.1 200 OK"
2026-05-15 22:19:42,401 — INFO — HTTP Request: POST https://api.telegram.org/bot8668134981:AAFI6iZCi4rMSb8sqSKE2QGg7lIclgR_61w/getUpdates "HTTP/1.1 200 OK"
2026-05-15 22:19:52,661 — INFO — HTTP Request: POST https://api.telegram.org/bot8668134981:AAFI6iZCi4rMSb8sqSKE2QGg7lIclgR_61w/getUpdates "HTTP/1.1 200 OK"
2026-05-15 22:20:02,711 — INFO — HTTP Request: POST https://api.telegram.org/bot8668134981:AAFI6iZCi4rMSb8sqSKE2QGg7lIclgR_61w/getUpdates "HTTP/1.1 200 OK"
2026-05-15 22:20:13,010 — INFO — HTTP Request: POST https://api.telegram.org/bot8668134981:AAFI6iZCi4rMSb8sqSKE2QGg7lIclgR_61w/getUpdates "HTTP/1.1 200 OK"
2026-05-15 22:20:23,324 — INFO — HTTP Request: POST https://api.telegram.org/bot8668134981:AAFI6iZCi4rMSb8sqSKE2QGg7lIclgR_61w/getUpdates "HTTP/1.1 200 OK"
2026-05-15 22:20:28,616 — INFO — Tarama bitti — 4 sinyal
2026-05-15 22:20:28,617 — INFO — TVK için pozisyon boyutu: 4.14 USDT
2026-05-15 22:20:29,151 — INFO — TVKUSDT piyasasý kapalý, atlanýyor.
2026-05-15 22:20:29,152 — INFO — POLY için pozisyon boyutu: 4.14 USDT
2026-05-15 22:20:29,665 — INFO — POLYUSDT piyasasý kapalý, atlanýyor.
2026-05-15 22:20:29,666 — INFO — Bu turda alým yapýlmadý.
2026-05-15 22:20:33,374 — INFO — HTTP Request: POST https://api.telegram.org/bot8668134981:AAFI6iZCi4rMSb8sqSKE2QGg7lIclgR_61w/getUpdates "HTTP/1.1 200 OK"
2026-05-15 22:20:43,424 — INFO — HTTP Request: POST https://api.telegram.org/bot8668134981:AAFI6iZCi4rMSb8sqSKE2QGg7lIclgR_61w/getUpdates "HTTP/1.1 200 OK"
2026-05-15 22:20:53,473 — INFO — HTTP Request: POST https://api.telegram.org/bot8668134981:AAFI6iZCi4rMSb8sqSKE2QGg7lIclgR_61w/getUpdates "HTTP/1.1 200 OK"
2026-05-15 22:21:03,522 — INFO — HTTP Request: POST https://api.telegram.org/bot8668134981:AAFI6iZCi4rMSb8sqSKE2QGg7lIclgR_61w/getUpdates "HTTP/1.1 200 OK"
2026-05-15 22:21:26,117 — INFO — HTTP Request: POST https://api.telegram.org/bot8668134981:AAFI6iZCi4rMSb8sqSKE2QGg7lIclgR_61w/getMe "HTTP/1.1 200 OK"
2026-05-15 22:21:26,124 — INFO — Application started
2026-05-15 22:21:26,173 — INFO — HTTP Request: POST https://api.telegram.org/bot8668134981:AAFI6iZCi4rMSb8sqSKE2QGg7lIclgR_61w/deleteWebhook "HTTP/1.1 200 OK"
2026-05-15 22:21:26,174 — INFO — Bot çalýţýyor...
2026-05-15 22:21:26,556 — INFO — HTTP Request: POST https://api.telegram.org/bot8668134981:AAFI6iZCi4rMSb8sqSKE2QGg7lIclgR_61w/sendMessage "HTTP/1.1 200 OK"
2026-05-15 22:21:26,855 — INFO — Bakiye: 16.54785161 USDT
2026-05-15 22:21:26,937 — INFO — HTTP Request: POST https://api.telegram.org/bot8668134981:AAFI6iZCi4rMSb8sqSKE2QGg7lIclgR_61w/sendMessage "HTTP/1.1 200 OK"
2026-05-15 22:21:27,407 — INFO — Taranacak coin: 230
2026-05-15 22:21:37,057 — INFO — HTTP Request: POST https://api.telegram.org/bot8668134981:AAFI6iZCi4rMSb8sqSKE2QGg7lIclgR_61w/getUpdates "HTTP/1.1 200 OK"
2026-05-15 22:21:47,155 — INFO — HTTP Request: POST https://api.telegram.org/bot8668134981:AAFI6iZCi4rMSb8sqSKE2QGg7lIclgR_61w/getUpdates "HTTP/1.1 200 OK"
2026-05-15 22:21:57,356 — INFO — HTTP Request: POST https://api.telegram.org/bot8668134981:AAFI6iZCi4rMSb8sqSKE2QGg7lIclgR_61w/getUpdates "HTTP/1.1 200 OK"
2026-05-15 22:22:07,518 — INFO — HTTP Request: POST https://api.telegram.org/bot8668134981:AAFI6iZCi4rMSb8sqSKE2QGg7lIclgR_61w/getUpdates "HTTP/1.1 200 OK"
2026-05-15 22:22:17,574 — INFO — HTTP Request: POST https://api.telegram.org/bot8668134981:AAFI6iZCi4rMSb8sqSKE2QGg7lIclgR_61w/getUpdates "HTTP/1.1 200 OK"
2026-05-15 22:22:27,649 — INFO — HTTP Request: POST https://api.telegram.org/bot8668134981:AAFI6iZCi4rMSb8sqSKE2QGg7lIclgR_61w/getUpdates "HTTP/1.1 200 OK"
2026-05-15 22:22:37,751 — INFO — HTTP Request: POST https://api.telegram.org/bot8668134981:AAFI6iZCi4rMSb8sqSKE2QGg7lIclgR_61w/getUpdates "HTTP/1.1 200 OK"
2026-05-15 22:22:47,824 — INFO — HTTP Request: POST https://api.telegram.org/bot8668134981:AAFI6iZCi4rMSb8sqSKE2QGg7lIclgR_61w/getUpdates "HTTP/1.1 200 OK"
2026-05-15 22:22:53,506 — INFO — Tarama bitti — 2 sinyal
2026-05-15 22:22:53,506 — INFO — TOMO için pozisyon boyutu: 4.14 USDT
2026-05-15 22:22:54,246 — INFO — TOMOUSDT piyasasý kapalý, atlanýyor.
2026-05-15 22:22:54,247 — INFO — LAYER için pozisyon boyutu: 4.14 USDT
2026-05-15 22:22:55,768 — ERROR — Alým hatasý LAYERUSDT: APIError(code=-1013): Filter failure: NOTIONAL
2026-05-15 22:22:55,769 — INFO — Bu turda alým yapýlmadý.
2026-05-15 22:22:57,881 — INFO — HTTP Request: POST https://api.telegram.org/bot8668134981:AAFI6iZCi4rMSb8sqSKE2QGg7lIclgR_61w/getUpdates "HTTP/1.1 200 OK"
2026-05-15 22:23:07,938 — INFO — HTTP Request: POST https://api.telegram.org/bot8668134981:AAFI6iZCi4rMSb8sqSKE2QGg7lIclgR_61w/getUpdates "HTTP/1.1 200 OK"
2026-05-15 22:23:17,993 — INFO — HTTP Request: POST https://api.telegram.org/bot8668134981:AAFI6iZCi4rMSb8sqSKE2QGg7lIclgR_61w/getUpdates "HTTP/1.1 200 OK"
2026-05-15 22:23:28,048 — INFO — HTTP Request: POST https://api.telegram.org/bot8668134981:AAFI6iZCi4rMSb8sqSKE2QGg7lIclgR_61w/getUpdates "HTTP/1.1 200 OK"
2026-05-15 22:23:38,104 — INFO — HTTP Request: POST https://api.telegram.org/bot8668134981:AAFI6iZCi4rMSb8sqSKE2QGg7lIclgR_61w/getUpdates "HTTP/1.1 200 OK"
2026-05-15 22:23:48,159 — INFO — HTTP Request: POST https://api.telegram.org/bot8668134981:AAFI6iZCi4rMSb8sqSKE2QGg7lIclgR_61w/getUpdates "HTTP/1.1 200 OK"
2026-05-15 22:23:58,214 — INFO — HTTP Request: POST https://api.telegram.org/bot8668134981:AAFI6iZCi4rMSb8sqSKE2QGg7lIclgR_61w/getUpdates "HTTP/1.1 200 OK"
2026-05-15 22:24:08,269 — INFO — HTTP Request: POST https://api.telegram.org/bot8668134981:AAFI6iZCi4rMSb8sqSKE2QGg7lIclgR_61w/getUpdates "HTTP/1.1 200 OK"
2026-05-15 22:24:18,326 — INFO — HTTP Request: POST https://api.telegram.org/bot8668134981:AAFI6iZCi4rMSb8sqSKE2QGg7lIclgR_61w/getUpdates "HTTP/1.1 200 OK"
2026-05-15 22:24:28,383 — INFO — HTTP Request: POST https://api.telegram.org/bot8668134981:AAFI6iZCi4rMSb8sqSKE2QGg7lIclgR_61w/getUpdates "HTTP/1.1 200 OK"
2026-05-15 22:24:38,440 — INFO — HTTP Request: POST https://api.telegram.org/bot8668134981:AAFI6iZCi4rMSb8sqSKE2QGg7lIclgR_61w/getUpdates "HTTP/1.1 200 OK"
2026-05-15 22:24:48,495 — INFO — HTTP Request: POST https://api.telegram.org/bot8668134981:AAFI6iZCi4rMSb8sqSKE2QGg7lIclgR_61w/getUpdates "HTTP/1.1 200 OK"
2026-05-15 22:24:58,551 — INFO — HTTP Request: POST https://api.telegram.org/bot8668134981:AAFI6iZCi4rMSb8sqSKE2QGg7lIclgR_61w/getUpdates "HTTP/1.1 200 OK"
2026-05-15 22:25:08,608 — INFO — HTTP Request: POST https://api.telegram.org/bot8668134981:AAFI6iZCi4rMSb8sqSKE2QGg7lIclgR_61w/getUpdates "HTTP/1.1 200 OK"
2026-05-15 22:25:18,664 — INFO — HTTP Request: POST https://api.telegram.org/bot8668134981:AAFI6iZCi4rMSb8sqSKE2QGg7lIclgR_61w/getUpdates "HTTP/1.1 200 OK"
2026-05-15 22:25:28,720 — INFO — HTTP Request: POST https://api.telegram.org/bot8668134981:AAFI6iZCi4rMSb8sqSKE2QGg7lIclgR_61w/getUpdates "HTTP/1.1 200 OK"
2026-05-15 22:25:38,775 — INFO — HTTP Request: POST https://api.telegram.org/bot8668134981:AAFI6iZCi4rMSb8sqSKE2QGg7lIclgR_61w/getUpdates "HTTP/1.1 200 OK"
2026-05-15 22:25:48,832 — INFO — HTTP Request: POST https://api.telegram.org/bot8668134981:AAFI6iZCi4rMSb8sqSKE2QGg7lIclgR_61w/getUpdates "HTTP/1.1 200 OK"
2026-05-15 22:25:58,890 — INFO — HTTP Request: POST https://api.telegram.org/bot8668134981:AAFI6iZCi4rMSb8sqSKE2QGg7lIclgR_61w/getUpdates "HTTP/1.1 200 OK"
2026-05-15 22:26:02,688 — INFO — HTTP Request: POST https://api.telegram.org/bot8668134981:AAFI6iZCi4rMSb8sqSKE2QGg7lIclgR_61w/getMe "HTTP/1.1 200 OK"
2026-05-15 22:26:02,689 — INFO — Application started
2026-05-15 22:26:02,741 — INFO — HTTP Request: POST https://api.telegram.org/bot8668134981:AAFI6iZCi4rMSb8sqSKE2QGg7lIclgR_61w/deleteWebhook "HTTP/1.1 200 OK"
2026-05-15 22:26:02,742 — INFO — Bot çalýţýyor...
2026-05-15 22:26:03,191 — INFO — HTTP Request: POST https://api.telegram.org/bot8668134981:AAFI6iZCi4rMSb8sqSKE2QGg7lIclgR_61w/sendMessage "HTTP/1.1 200 OK"
2026-05-15 22:26:03,464 — INFO — Bakiye: 16.54785161 USDT
2026-05-15 22:26:03,555 — INFO — HTTP Request: POST https://api.telegram.org/bot8668134981:AAFI6iZCi4rMSb8sqSKE2QGg7lIclgR_61w/sendMessage "HTTP/1.1 200 OK"
2026-05-15 22:26:04,013 — INFO — Taranacak coin: 230
2026-05-15 22:26:13,173 — INFO — HTTP Request: POST https://api.telegram.org/bot8668134981:AAFI6iZCi4rMSb8sqSKE2QGg7lIclgR_61w/getUpdates "HTTP/1.1 200 OK"
2026-05-15 22:26:23,383 — INFO — HTTP Request: POST https://api.telegram.org/bot8668134981:AAFI6iZCi4rMSb8sqSKE2QGg7lIclgR_61w/getUpdates "HTTP/1.1 200 OK"
2026-05-15 22:26:33,510 — INFO — HTTP Request: POST https://api.telegram.org/bot8668134981:AAFI6iZCi4rMSb8sqSKE2QGg7lIclgR_61w/getUpdates "HTTP/1.1 200 OK"
2026-05-15 22:26:43,746 — INFO — HTTP Request: POST https://api.telegram.org/bot8668134981:AAFI6iZCi4rMSb8sqSKE2QGg7lIclgR_61w/getUpdates "HTTP/1.1 200 OK"
2026-05-15 22:26:53,949 — INFO — HTTP Request: POST https://api.telegram.org/bot8668134981:AAFI6iZCi4rMSb8sqSKE2QGg7lIclgR_61w/getUpdates "HTTP/1.1 200 OK"
2026-05-15 22:27:04,206 — INFO — HTTP Request: POST https://api.telegram.org/bot8668134981:AAFI6iZCi4rMSb8sqSKE2QGg7lIclgR_61w/getUpdates "HTTP/1.1 200 OK"
2026-05-15 22:27:14,504 — INFO — HTTP Request: POST https://api.telegram.org/bot8668134981:AAFI6iZCi4rMSb8sqSKE2QGg7lIclgR_61w/getUpdates "HTTP/1.1 200 OK"
2026-05-15 22:27:24,752 — INFO — HTTP Request: POST https://api.telegram.org/bot8668134981:AAFI6iZCi4rMSb8sqSKE2QGg7lIclgR_61w/getUpdates "HTTP/1.1 200 OK"
2026-05-15 22:27:30,687 — INFO — Tarama bitti — 2 sinyal
2026-05-15 22:27:30,687 — INFO — TOMO için pozisyon boyutu: 6.0 USDT
2026-05-15 22:27:31,631 — INFO — TOMOUSDT piyasasý kapalý, atlanýyor.
2026-05-15 22:27:31,631 — INFO — LAYER için pozisyon boyutu: 6.0 USDT
2026-05-15 22:27:33,099 — INFO — HTTP Request: POST https://api.telegram.org/bot8668134981:AAFI6iZCi4rMSb8sqSKE2QGg7lIclgR_61w/sendMessage "HTTP/1.1 200 OK"
2026-05-15 22:27:34,800 — INFO — HTTP Request: POST https://api.telegram.org/bot8668134981:AAFI6iZCi4rMSb8sqSKE2QGg7lIclgR_61w/getUpdates "HTTP/1.1 200 OK"
2026-05-15 22:27:44,849 — INFO — HTTP Request: POST https://api.telegram.org/bot8668134981:AAFI6iZCi4rMSb8sqSKE2QGg7lIclgR_61w/getUpdates "HTTP/1.1 200 OK"
2026-05-15 22:27:54,900 — INFO — HTTP Request: POST https://api.telegram.org/bot8668134981:AAFI6iZCi4rMSb8sqSKE2QGg7lIclgR_61w/getUpdates "HTTP/1.1 200 OK"
2026-05-15 22:28:04,951 — INFO — HTTP Request: POST https://api.telegram.org/bot8668134981:AAFI6iZCi4rMSb8sqSKE2QGg7lIclgR_61w/getUpdates "HTTP/1.1 200 OK"
2026-05-15 22:28:15,001 — INFO — HTTP Request: POST https://api.telegram.org/bot8668134981:AAFI6iZCi4rMSb8sqSKE2QGg7lIclgR_61w/getUpdates "HTTP/1.1 200 OK"
2026-05-15 22:28:25,051 — INFO — HTTP Request: POST https://api.telegram.org/bot8668134981:AAFI6iZCi4rMSb8sqSKE2QGg7lIclgR_61w/getUpdates "HTTP/1.1 200 OK"
2026-05-15 22:28:35,100 — INFO — HTTP Request: POST https://api.telegram.org/bot8668134981:AAFI6iZCi4rMSb8sqSKE2QGg7lIclgR_61w/getUpdates "HTTP/1.1 200 OK"
2026-05-15 22:28:45,149 — INFO — HTTP Request: POST https://api.telegram.org/bot8668134981:AAFI6iZCi4rMSb8sqSKE2QGg7lIclgR_61w/getUpdates "HTTP/1.1 200 OK"
2026-05-15 22:28:55,198 — INFO — HTTP Request: POST https://api.telegram.org/bot8668134981:AAFI6iZCi4rMSb8sqSKE2QGg7lIclgR_61w/getUpdates "HTTP/1.1 200 OK"
2026-05-15 22:29:05,247 — INFO — HTTP Request: POST https://api.telegram.org/bot8668134981:AAFI6iZCi4rMSb8sqSKE2QGg7lIclgR_61w/getUpdates "HTTP/1.1 200 OK"
2026-05-15 22:29:15,295 — INFO — HTTP Request: POST https://api.telegram.org/bot8668134981:AAFI6iZCi4rMSb8sqSKE2QGg7lIclgR_61w/getUpdates "HTTP/1.1 200 OK"
2026-05-15 22:29:25,344 — INFO — HTTP Request: POST https://api.telegram.org/bot8668134981:AAFI6iZCi4rMSb8sqSKE2QGg7lIclgR_61w/getUpdates "HTTP/1.1 200 OK"
2026-05-15 22:29:35,393 — INFO — HTTP Request: POST https://api.telegram.org/bot8668134981:AAFI6iZCi4rMSb8sqSKE2QGg7lIclgR_61w/getUpdates "HTTP/1.1 200 OK"
2026-05-15 22:29:45,442 — INFO — HTTP Request: POST https://api.telegram.org/bot8668134981:AAFI6iZCi4rMSb8sqSKE2QGg7lIclgR_61w/getUpdates "HTTP/1.1 200 OK"
2026-05-15 22:29:55,491 — INFO — HTTP Request: POST https://api.telegram.org/bot8668134981:AAFI6iZCi4rMSb8sqSKE2QGg7lIclgR_61w/getUpdates "HTTP/1.1 200 OK"
2026-05-15 22:30:05,539 — INFO — HTTP Request: POST https://api.telegram.org/bot8668134981:AAFI6iZCi4rMSb8sqSKE2QGg7lIclgR_61w/getUpdates "HTTP/1.1 200 OK"
2026-05-15 22:30:15,588 — INFO — HTTP Request: POST https://api.telegram.org/bot8668134981:AAFI6iZCi4rMSb8sqSKE2QGg7lIclgR_61w/getUpdates "HTTP/1.1 200 OK"
2026-05-15 22:40:25,264 — INFO — HTTP Request: POST https://api.telegram.org/bot8668134981:AAFI6iZCi4rMSb8sqSKE2QGg7lIclgR_61w/getMe "HTTP/1.1 200 OK"
2026-05-15 22:40:25,266 — INFO — Application started
2026-05-15 22:40:25,319 — INFO — HTTP Request: POST https://api.telegram.org/bot8668134981:AAFI6iZCi4rMSb8sqSKE2QGg7lIclgR_61w/deleteWebhook "HTTP/1.1 200 OK"
2026-05-15 22:40:25,320 — INFO — Bot çalýţýyor...
2026-05-15 22:40:25,740 — INFO — HTTP Request: POST https://api.telegram.org/bot8668134981:AAFI6iZCi4rMSb8sqSKE2QGg7lIclgR_61w/sendMessage "HTTP/1.1 200 OK"
2026-05-15 22:40:25,780 — INFO — HTTP Request: POST https://api.telegram.org/bot8668134981:AAFI6iZCi4rMSb8sqSKE2QGg7lIclgR_61w/getUpdates "HTTP/1.1 200 OK"
2026-05-15 22:40:26,067 — INFO — HTTP Request: POST https://api.telegram.org/bot8668134981:AAFI6iZCi4rMSb8sqSKE2QGg7lIclgR_61w/sendMessage "HTTP/1.1 200 OK"
2026-05-15 22:40:26,355 — INFO — Bakiye: 10.54163461 USDT
2026-05-15 22:40:26,469 — INFO — HTTP Request: POST https://api.telegram.org/bot8668134981:AAFI6iZCi4rMSb8sqSKE2QGg7lIclgR_61w/sendMessage "HTTP/1.1 200 OK"
2026-05-15 22:40:26,587 — INFO — HTTP Request: POST https://api.telegram.org/bot8668134981:AAFI6iZCi4rMSb8sqSKE2QGg7lIclgR_61w/sendMessage "HTTP/1.1 200 OK"
2026-05-15 22:40:26,873 — INFO — HTTP Request: POST https://api.telegram.org/bot8668134981:AAFI6iZCi4rMSb8sqSKE2QGg7lIclgR_61w/sendMessage "HTTP/1.1 200 OK"
2026-05-15 22:40:27,340 — INFO — Taranacak coin: 228
2026-05-15 22:40:28,001 — INFO — HTTP Request: POST https://api.telegram.org/bot8668134981:AAFI6iZCi4rMSb8sqSKE2QGg7lIclgR_61w/sendMessage "HTTP/1.1 200 OK"
2026-05-15 22:40:36,599 — INFO — HTTP Request: POST https://api.telegram.org/bot8668134981:AAFI6iZCi4rMSb8sqSKE2QGg7lIclgR_61w/getUpdates "HTTP/1.1 200 OK"
2026-05-15 22:40:46,704 — INFO — HTTP Request: POST https://api.telegram.org/bot8668134981:AAFI6iZCi4rMSb8sqSKE2QGg7lIclgR_61w/getUpdates "HTTP/1.1 200 OK"
2026-05-15 22:40:56,923 — INFO — HTTP Request: POST https://api.telegram.org/bot8668134981:AAFI6iZCi4rMSb8sqSKE2QGg7lIclgR_61w/getUpdates "HTTP/1.1 200 OK"
2026-05-15 22:41:07,104 — INFO — HTTP Request: POST https://api.telegram.org/bot8668134981:AAFI6iZCi4rMSb8sqSKE2QGg7lIclgR_61w/getUpdates "HTTP/1.1 200 OK"
2026-05-15 22:41:17,198 — INFO — HTTP Request: POST https://api.telegram.org/bot8668134981:AAFI6iZCi4rMSb8sqSKE2QGg7lIclgR_61w/getUpdates "HTTP/1.1 200 OK"
2026-05-15 22:41:27,294 — INFO — HTTP Request: POST https://api.telegram.org/bot8668134981:AAFI6iZCi4rMSb8sqSKE2QGg7lIclgR_61w/getUpdates "HTTP/1.1 200 OK"
2026-05-15 22:41:37,381 — INFO — HTTP Request: POST https://api.telegram.org/bot8668134981:AAFI6iZCi4rMSb8sqSKE2QGg7lIclgR_61w/getUpdates "HTTP/1.1 200 OK"
2026-05-15 22:41:47,473 — INFO — HTTP Request: POST https://api.telegram.org/bot8668134981:AAFI6iZCi4rMSb8sqSKE2QGg7lIclgR_61w/getUpdates "HTTP/1.1 200 OK"
2026-05-15 22:41:52,786 — INFO — Tarama bitti — 0 sinyal
2026-05-15 22:41:52,786 — INFO — Bu turda alým yapýlmadý.
2026-05-15 22:41:57,530 — INFO — HTTP Request: POST https://api.telegram.org/bot8668134981:AAFI6iZCi4rMSb8sqSKE2QGg7lIclgR_61w/getUpdates "HTTP/1.1 200 OK"
2026-05-15 22:42:07,584 — INFO — HTTP Request: POST https://api.telegram.org/bot8668134981:AAFI6iZCi4rMSb8sqSKE2QGg7lIclgR_61w/getUpdates "HTTP/1.1 200 OK"
2026-05-15 22:42:17,643 — INFO — HTTP Request: POST https://api.telegram.org/bot8668134981:AAFI6iZCi4rMSb8sqSKE2QGg7lIclgR_61w/getUpdates "HTTP/1.1 200 OK"
2026-05-15 22:42:24,579 — INFO — HTTP Request: POST https://api.telegram.org/bot8668134981:AAFI6iZCi4rMSb8sqSKE2QGg7lIclgR_61w/getMe "HTTP/1.1 200 OK"
2026-05-15 22:42:24,580 — INFO — Application started
2026-05-15 22:42:24,628 — INFO — HTTP Request: POST https://api.telegram.org/bot8668134981:AAFI6iZCi4rMSb8sqSKE2QGg7lIclgR_61w/deleteWebhook "HTTP/1.1 200 OK"
2026-05-15 22:42:24,629 — INFO — Bot çalýţýyor...
2026-05-15 22:42:25,021 — INFO — HTTP Request: POST https://api.telegram.org/bot8668134981:AAFI6iZCi4rMSb8sqSKE2QGg7lIclgR_61w/sendMessage "HTTP/1.1 200 OK"
2026-05-15 22:42:25,132 — INFO — HTTP Request: POST https://api.telegram.org/bot8668134981:AAFI6iZCi4rMSb8sqSKE2QGg7lIclgR_61w/sendMessage "HTTP/1.1 200 OK"
2026-05-15 22:42:25,405 — INFO — Bakiye: 10.54163461 USDT
2026-05-15 22:42:25,526 — INFO — HTTP Request: POST https://api.telegram.org/bot8668134981:AAFI6iZCi4rMSb8sqSKE2QGg7lIclgR_61w/sendMessage "HTTP/1.1 200 OK"
2026-05-15 22:42:25,634 — INFO — HTTP Request: POST https://api.telegram.org/bot8668134981:AAFI6iZCi4rMSb8sqSKE2QGg7lIclgR_61w/sendMessage "HTTP/1.1 200 OK"
2026-05-15 22:42:26,087 — INFO — Taranacak coin: 228
2026-05-15 22:42:35,094 — INFO — HTTP Request: POST https://api.telegram.org/bot8668134981:AAFI6iZCi4rMSb8sqSKE2QGg7lIclgR_61w/getUpdates "HTTP/1.1 200 OK"
2026-05-15 22:42:45,196 — INFO — HTTP Request: POST https://api.telegram.org/bot8668134981:AAFI6iZCi4rMSb8sqSKE2QGg7lIclgR_61w/getUpdates "HTTP/1.1 200 OK"
2026-05-15 22:42:55,268 — INFO — HTTP Request: POST https://api.telegram.org/bot8668134981:AAFI6iZCi4rMSb8sqSKE2QGg7lIclgR_61w/getUpdates "HTTP/1.1 200 OK"
2026-05-15 22:43:05,488 — INFO — HTTP Request: POST https://api.telegram.org/bot8668134981:AAFI6iZCi4rMSb8sqSKE2QGg7lIclgR_61w/getUpdates "HTTP/1.1 200 OK"
2026-05-15 22:43:15,683 — INFO — HTTP Request: POST https://api.telegram.org/bot8668134981:AAFI6iZCi4rMSb8sqSKE2QGg7lIclgR_61w/getUpdates "HTTP/1.1 200 OK"
2026-05-15 22:43:25,810 — INFO — HTTP Request: POST https://api.telegram.org/bot8668134981:AAFI6iZCi4rMSb8sqSKE2QGg7lIclgR_61w/getUpdates "HTTP/1.1 200 OK"
2026-05-15 22:43:35,953 — INFO — HTTP Request: POST https://api.telegram.org/bot8668134981:AAFI6iZCi4rMSb8sqSKE2QGg7lIclgR_61w/getUpdates "HTTP/1.1 200 OK"
2026-05-15 22:43:46,117 — INFO — HTTP Request: POST https://api.telegram.org/bot8668134981:AAFI6iZCi4rMSb8sqSKE2QGg7lIclgR_61w/getUpdates "HTTP/1.1 200 OK"
2026-05-15 22:43:49,092 — INFO — Tarama bitti — 0 sinyal
2026-05-15 22:43:49,092 — INFO — Bu turda alým yapýlmadý.
2026-05-15 22:43:56,168 — INFO — HTTP Request: POST https://api.telegram.org/bot8668134981:AAFI6iZCi4rMSb8sqSKE2QGg7lIclgR_61w/getUpdates "HTTP/1.1 200 OK"
2026-05-15 22:44:06,220 — INFO — HTTP Request: POST https://api.telegram.org/bot8668134981:AAFI6iZCi4rMSb8sqSKE2QGg7lIclgR_61w/getUpdates "HTTP/1.1 200 OK"
2026-05-15 22:44:16,279 — INFO — HTTP Request: POST https://api.telegram.org/bot8668134981:AAFI6iZCi4rMSb8sqSKE2QGg7lIclgR_61w/getUpdates "HTTP/1.1 200 OK"
2026-05-15 22:44:26,331 — INFO — HTTP Request: POST https://api.telegram.org/bot8668134981:AAFI6iZCi4rMSb8sqSKE2QGg7lIclgR_61w/getUpdates "HTTP/1.1 200 OK"
2026-05-15 22:44:36,382 — INFO — HTTP Request: POST https://api.telegram.org/bot8668134981:AAFI6iZCi4rMSb8sqSKE2QGg7lIclgR_61w/getUpdates "HTTP/1.1 200 OK"
2026-05-15 22:44:46,436 — INFO — HTTP Request: POST https://api.telegram.org/bot8668134981:AAFI6iZCi4rMSb8sqSKE2QGg7lIclgR_61w/getUpdates "HTTP/1.1 200 OK"
2026-05-15 22:44:56,489 — INFO — HTTP Request: POST https://api.telegram.org/bot8668134981:AAFI6iZCi4rMSb8sqSKE2QGg7lIclgR_61w/getUpdates "HTTP/1.1 200 OK"
2026-05-15 22:45:06,544 — INFO — HTTP Request: POST https://api.telegram.org/bot8668134981:AAFI6iZCi4rMSb8sqSKE2QGg7lIclgR_61w/getUpdates "HTTP/1.1 200 OK"
2026-05-15 22:45:07,898 — INFO — HTTP Request: POST https://api.telegram.org/bot8668134981:AAFI6iZCi4rMSb8sqSKE2QGg7lIclgR_61w/getUpdates "HTTP/1.1 200 OK"
2026-05-15 22:45:08,462 — INFO — HTTP Request: POST https://api.telegram.org/bot8668134981:AAFI6iZCi4rMSb8sqSKE2QGg7lIclgR_61w/sendMessage "HTTP/1.1 200 OK"
2026-05-15 22:45:18,225 — INFO — HTTP Request: POST https://api.telegram.org/bot8668134981:AAFI6iZCi4rMSb8sqSKE2QGg7lIclgR_61w/getUpdates "HTTP/1.1 200 OK"
2026-05-15 22:45:28,279 — INFO — HTTP Request: POST https://api.telegram.org/bot8668134981:AAFI6iZCi4rMSb8sqSKE2QGg7lIclgR_61w/getUpdates "HTTP/1.1 200 OK"
2026-05-15 22:45:34,510 — INFO — HTTP Request: POST https://api.telegram.org/bot8668134981:AAFI6iZCi4rMSb8sqSKE2QGg7lIclgR_61w/getUpdates "HTTP/1.1 200 OK"
2026-05-15 22:45:34,964 — INFO — HTTP Request: POST https://api.telegram.org/bot8668134981:AAFI6iZCi4rMSb8sqSKE2QGg7lIclgR_61w/sendMessage "HTTP/1.1 200 OK"
2026-05-15 22:45:44,836 — INFO — HTTP Request: POST https://api.telegram.org/bot8668134981:AAFI6iZCi4rMSb8sqSKE2QGg7lIclgR_61w/getUpdates "HTTP/1.1 200 OK"
2026-05-15 22:45:54,888 — INFO — HTTP Request: POST https://api.telegram.org/bot8668134981:AAFI6iZCi4rMSb8sqSKE2QGg7lIclgR_61w/getUpdates "HTTP/1.1 200 OK"
2026-05-15 22:46:04,940 — INFO — HTTP Request: POST https://api.telegram.org/bot8668134981:AAFI6iZCi4rMSb8sqSKE2QGg7lIclgR_61w/getUpdates "HTTP/1.1 200 OK"
2026-05-15 22:46:14,993 — INFO — HTTP Request: POST https://api.telegram.org/bot8668134981:AAFI6iZCi4rMSb8sqSKE2QGg7lIclgR_61w/getUpdates "HTTP/1.1 200 OK"
2026-05-15 22:46:25,045 — INFO — HTTP Request: POST https://api.telegram.org/bot8668134981:AAFI6iZCi4rMSb8sqSKE2QGg7lIclgR_61w/getUpdates "HTTP/1.1 200 OK"
2026-05-15 22:46:35,098 — INFO — HTTP Request: POST https://api.telegram.org/bot8668134981:AAFI6iZCi4rMSb8sqSKE2QGg7lIclgR_61w/getUpdates "HTTP/1.1 200 OK"
2026-05-15 22:46:45,150 — INFO — HTTP Request: POST https://api.telegram.org/bot8668134981:AAFI6iZCi4rMSb8sqSKE2QGg7lIclgR_61w/getUpdates "HTTP/1.1 200 OK"
2026-05-15 22:46:55,202 — INFO — HTTP Request: POST https://api.telegram.org/bot8668134981:AAFI6iZCi4rMSb8sqSKE2QGg7lIclgR_61w/getUpdates "HTTP/1.1 200 OK"
2026-05-15 22:47:05,256 — INFO — HTTP Request: POST https://api.telegram.org/bot8668134981:AAFI6iZCi4rMSb8sqSKE2QGg7lIclgR_61w/getUpdates "HTTP/1.1 200 OK"
2026-05-15 22:47:15,308 — INFO — HTTP Request: POST https://api.telegram.org/bot8668134981:AAFI6iZCi4rMSb8sqSKE2QGg7lIclgR_61w/getUpdates "HTTP/1.1 200 OK"
2026-05-15 22:47:25,360 — INFO — HTTP Request: POST https://api.telegram.org/bot8668134981:AAFI6iZCi4rMSb8sqSKE2QGg7lIclgR_61w/getUpdates "HTTP/1.1 200 OK"
2026-05-15 22:47:35,413 — INFO — HTTP Request: POST https://api.telegram.org/bot8668134981:AAFI6iZCi4rMSb8sqSKE2QGg7lIclgR_61w/getUpdates "HTTP/1.1 200 OK"
2026-05-15 22:47:45,465 — INFO — HTTP Request: POST https://api.telegram.org/bot8668134981:AAFI6iZCi4rMSb8sqSKE2QGg7lIclgR_61w/getUpdates "HTTP/1.1 200 OK"
2026-05-15 22:47:55,517 — INFO — HTTP Request: POST https://api.telegram.org/bot8668134981:AAFI6iZCi4rMSb8sqSKE2QGg7lIclgR_61w/getUpdates "HTTP/1.1 200 OK"
2026-05-15 22:48:05,569 — INFO — HTTP Request: POST https://api.telegram.org/bot8668134981:AAFI6iZCi4rMSb8sqSKE2QGg7lIclgR_61w/getUpdates "HTTP/1.1 200 OK"
2026-05-15 22:48:15,623 — INFO — HTTP Request: POST https://api.telegram.org/bot8668134981:AAFI6iZCi4rMSb8sqSKE2QGg7lIclgR_61w/getUpdates "HTTP/1.1 200 OK"
2026-05-15 22:48:25,674 — INFO — HTTP Request: POST https://api.telegram.org/bot8668134981:AAFI6iZCi4rMSb8sqSKE2QGg7lIclgR_61w/getUpdates "HTTP/1.1 200 OK"
2026-05-15 22:48:35,725 — INFO — HTTP Request: POST https://api.telegram.org/bot8668134981:AAFI6iZCi4rMSb8sqSKE2QGg7lIclgR_61w/getUpdates "HTTP/1.1 200 OK"
2026-05-15 22:48:45,776 — INFO — HTTP Request: POST https://api.telegram.org/bot8668134981:AAFI6iZCi4rMSb8sqSKE2QGg7lIclgR_61w/getUpdates "HTTP/1.1 200 OK"
2026-05-15 22:48:49,423 — INFO — Bakiye: 16.4913909 USDT
2026-05-15 22:48:49,870 — INFO — HTTP Request: POST https://api.telegram.org/bot8668134981:AAFI6iZCi4rMSb8sqSKE2QGg7lIclgR_61w/sendMessage "HTTP/1.1 200 OK"
2026-05-15 22:48:50,031 — INFO — HTTP Request: POST https://api.telegram.org/bot8668134981:AAFI6iZCi4rMSb8sqSKE2QGg7lIclgR_61w/sendMessage "HTTP/1.1 200 OK"
2026-05-15 22:48:50,387 — INFO — Taranacak coin: 227
2026-05-15 22:48:55,830 — INFO — HTTP Request: POST https://api.telegram.org/bot8668134981:AAFI6iZCi4rMSb8sqSKE2QGg7lIclgR_61w/getUpdates "HTTP/1.1 200 OK"
2026-05-15 22:49:05,946 — INFO — HTTP Request: POST https://api.telegram.org/bot8668134981:AAFI6iZCi4rMSb8sqSKE2QGg7lIclgR_61w/getUpdates "HTTP/1.1 200 OK"
2026-05-15 22:49:16,137 — INFO — HTTP Request: POST https://api.telegram.org/bot8668134981:AAFI6iZCi4rMSb8sqSKE2QGg7lIclgR_61w/getUpdates "HTTP/1.1 200 OK"
2026-05-15 22:49:26,287 — INFO — HTTP Request: POST https://api.telegram.org/bot8668134981:AAFI6iZCi4rMSb8sqSKE2QGg7lIclgR_61w/getUpdates "HTTP/1.1 200 OK"
2026-05-15 22:49:36,339 — INFO — HTTP Request: POST https://api.telegram.org/bot8668134981:AAFI6iZCi4rMSb8sqSKE2QGg7lIclgR_61w/getUpdates "HTTP/1.1 200 OK"
2026-05-15 22:49:46,391 — INFO — HTTP Request: POST https://api.telegram.org/bot8668134981:AAFI6iZCi4rMSb8sqSKE2QGg7lIclgR_61w/getUpdates "HTTP/1.1 200 OK"
2026-05-15 22:49:56,443 — INFO — HTTP Request: POST https://api.telegram.org/bot8668134981:AAFI6iZCi4rMSb8sqSKE2QGg7lIclgR_61w/getUpdates "HTTP/1.1 200 OK"
2026-05-15 22:50:06,586 — INFO — HTTP Request: POST https://api.telegram.org/bot8668134981:AAFI6iZCi4rMSb8sqSKE2QGg7lIclgR_61w/getUpdates "HTTP/1.1 200 OK"
2026-05-15 22:50:15,340 — INFO — Tarama bitti — 1 sinyal
2026-05-15 22:50:15,340 — INFO — PNUT için pozisyon boyutu: 6.0 USDT
2026-05-15 22:50:16,200 — ERROR — Alým hatasý PNUTUSDT: APIError(code=-2015): Invalid API-key, IP, or permissions for action.
2026-05-15 22:50:16,201 — INFO — Bu turda alým yapýlmadý.
2026-05-15 22:50:16,638 — INFO — HTTP Request: POST https://api.telegram.org/bot8668134981:AAFI6iZCi4rMSb8sqSKE2QGg7lIclgR_61w/getUpdates "HTTP/1.1 200 OK"
2026-05-15 22:50:26,691 — INFO — HTTP Request: POST https://api.telegram.org/bot8668134981:AAFI6iZCi4rMSb8sqSKE2QGg7lIclgR_61w/getUpdates "HTTP/1.1 200 OK"
2026-05-15 22:50:36,751 — INFO — HTTP Request: POST https://api.telegram.org/bot8668134981:AAFI6iZCi4rMSb8sqSKE2QGg7lIclgR_61w/getUpdates "HTTP/1.1 200 OK"
2026-05-15 22:50:46,806 — INFO — HTTP Request: POST https://api.telegram.org/bot8668134981:AAFI6iZCi4rMSb8sqSKE2QGg7lIclgR_61w/getUpdates "HTTP/1.1 200 OK"
2026-05-15 22:50:56,861 — INFO — HTTP Request: POST https://api.telegram.org/bot8668134981:AAFI6iZCi4rMSb8sqSKE2QGg7lIclgR_61w/getUpdates "HTTP/1.1 200 OK"
2026-05-15 22:51:06,915 — INFO — HTTP Request: POST https://api.telegram.org/bot8668134981:AAFI6iZCi4rMSb8sqSKE2QGg7lIclgR_61w/getUpdates "HTTP/1.1 200 OK"
2026-05-15 22:51:16,968 — INFO — HTTP Request: POST https://api.telegram.org/bot8668134981:AAFI6iZCi4rMSb8sqSKE2QGg7lIclgR_61w/getUpdates "HTTP/1.1 200 OK"
2026-05-15 22:51:27,027 — INFO — HTTP Request: POST https://api.telegram.org/bot8668134981:AAFI6iZCi4rMSb8sqSKE2QGg7lIclgR_61w/getUpdates "HTTP/1.1 200 OK"
2026-05-15 22:51:37,080 — INFO — HTTP Request: POST https://api.telegram.org/bot8668134981:AAFI6iZCi4rMSb8sqSKE2QGg7lIclgR_61w/getUpdates "HTTP/1.1 200 OK"
2026-05-15 22:51:47,136 — INFO — HTTP Request: POST https://api.telegram.org/bot8668134981:AAFI6iZCi4rMSb8sqSKE2QGg7lIclgR_61w/getUpdates "HTTP/1.1 200 OK"
2026-05-15 22:51:57,193 — INFO — HTTP Request: POST https://api.telegram.org/bot8668134981:AAFI6iZCi4rMSb8sqSKE2QGg7lIclgR_61w/getUpdates "HTTP/1.1 200 OK"
2026-05-15 22:52:07,245 — INFO — HTTP Request: POST https://api.telegram.org/bot8668134981:AAFI6iZCi4rMSb8sqSKE2QGg7lIclgR_61w/getUpdates "HTTP/1.1 200 OK"
2026-05-15 22:52:17,297 — INFO — HTTP Request: POST https://api.telegram.org/bot8668134981:AAFI6iZCi4rMSb8sqSKE2QGg7lIclgR_61w/getUpdates "HTTP/1.1 200 OK"
2026-05-15 22:52:27,348 — INFO — HTTP Request: POST https://api.telegram.org/bot8668134981:AAFI6iZCi4rMSb8sqSKE2QGg7lIclgR_61w/getUpdates "HTTP/1.1 200 OK"
2026-05-15 22:52:37,400 — INFO — HTTP Request: POST https://api.telegram.org/bot8668134981:AAFI6iZCi4rMSb8sqSKE2QGg7lIclgR_61w/getUpdates "HTTP/1.1 200 OK"
2026-05-15 22:52:47,453 — INFO — HTTP Request: POST https://api.telegram.org/bot8668134981:AAFI6iZCi4rMSb8sqSKE2QGg7lIclgR_61w/getUpdates "HTTP/1.1 200 OK"
2026-05-15 22:52:57,508 — INFO — HTTP Request: POST https://api.telegram.org/bot8668134981:AAFI6iZCi4rMSb8sqSKE2QGg7lIclgR_61w/getUpdates "HTTP/1.1 200 OK"
2026-05-15 22:53:07,559 — INFO — HTTP Request: POST https://api.telegram.org/bot8668134981:AAFI6iZCi4rMSb8sqSKE2QGg7lIclgR_61w/getUpdates "HTTP/1.1 200 OK"
2026-05-15 22:53:17,614 — INFO — HTTP Request: POST https://api.telegram.org/bot8668134981:AAFI6iZCi4rMSb8sqSKE2QGg7lIclgR_61w/getUpdates "HTTP/1.1 200 OK"
2026-05-15 22:53:27,665 — INFO — HTTP Request: POST https://api.telegram.org/bot8668134981:AAFI6iZCi4rMSb8sqSKE2QGg7lIclgR_61w/getUpdates "HTTP/1.1 200 OK"
2026-05-15 22:53:37,718 — INFO — HTTP Request: POST https://api.telegram.org/bot8668134981:AAFI6iZCi4rMSb8sqSKE2QGg7lIclgR_61w/getUpdates "HTTP/1.1 200 OK"
2026-05-15 22:53:47,770 — INFO — HTTP Request: POST https://api.telegram.org/bot8668134981:AAFI6iZCi4rMSb8sqSKE2QGg7lIclgR_61w/getUpdates "HTTP/1.1 200 OK"
2026-05-15 22:53:57,823 — INFO — HTTP Request: POST https://api.telegram.org/bot8668134981:AAFI6iZCi4rMSb8sqSKE2QGg7lIclgR_61w/getUpdates "HTTP/1.1 200 OK"
2026-05-15 22:54:07,876 — INFO — HTTP Request: POST https://api.telegram.org/bot8668134981:AAFI6iZCi4rMSb8sqSKE2QGg7lIclgR_61w/getUpdates "HTTP/1.1 200 OK"
2026-05-15 22:54:17,927 — INFO — HTTP Request: POST https://api.telegram.org/bot8668134981:AAFI6iZCi4rMSb8sqSKE2QGg7lIclgR_61w/getUpdates "HTTP/1.1 200 OK"
2026-05-15 22:54:27,982 — INFO — HTTP Request: POST https://api.telegram.org/bot8668134981:AAFI6iZCi4rMSb8sqSKE2QGg7lIclgR_61w/getUpdates "HTTP/1.1 200 OK"
2026-05-15 22:54:38,038 — INFO — HTTP Request: POST https://api.telegram.org/bot8668134981:AAFI6iZCi4rMSb8sqSKE2QGg7lIclgR_61w/getUpdates "HTTP/1.1 200 OK"
2026-05-15 22:54:48,089 — INFO — HTTP Request: POST https://api.telegram.org/bot8668134981:AAFI6iZCi4rMSb8sqSKE2QGg7lIclgR_61w/getUpdates "HTTP/1.1 200 OK"
2026-05-15 22:54:58,143 — INFO — HTTP Request: POST https://api.telegram.org/bot8668134981:AAFI6iZCi4rMSb8sqSKE2QGg7lIclgR_61w/getUpdates "HTTP/1.1 200 OK"
2026-05-15 22:55:08,194 — INFO — HTTP Request: POST https://api.telegram.org/bot8668134981:AAFI6iZCi4rMSb8sqSKE2QGg7lIclgR_61w/getUpdates "HTTP/1.1 200 OK"
2026-05-15 22:55:17,035 — INFO — Bakiye: 16.4913909 USDT
2026-05-15 22:55:17,342 — INFO — HTTP Request: POST https://api.telegram.org/bot8668134981:AAFI6iZCi4rMSb8sqSKE2QGg7lIclgR_61w/sendMessage "HTTP/1.1 200 OK"
2026-05-15 22:55:17,469 — INFO — HTTP Request: POST https://api.telegram.org/bot8668134981:AAFI6iZCi4rMSb8sqSKE2QGg7lIclgR_61w/sendMessage "HTTP/1.1 200 OK"
2026-05-15 22:55:17,909 — INFO — Taranacak coin: 227
2026-05-15 22:55:18,247 — INFO — HTTP Request: POST https://api.telegram.org/bot8668134981:AAFI6iZCi4rMSb8sqSKE2QGg7lIclgR_61w/getUpdates "HTTP/1.1 200 OK"
2026-05-15 22:55:28,305 — INFO — HTTP Request: POST https://api.telegram.org/bot8668134981:AAFI6iZCi4rMSb8sqSKE2QGg7lIclgR_61w/getUpdates "HTTP/1.1 200 OK"
2026-05-15 22:55:38,357 — INFO — HTTP Request: POST https://api.telegram.org/bot8668134981:AAFI6iZCi4rMSb8sqSKE2QGg7lIclgR_61w/getUpdates "HTTP/1.1 200 OK"
2026-05-15 22:55:48,583 — INFO — HTTP Request: POST https://api.telegram.org/bot8668134981:AAFI6iZCi4rMSb8sqSKE2QGg7lIclgR_61w/getUpdates "HTTP/1.1 200 OK"
2026-05-15 22:55:58,687 — INFO — HTTP Request: POST https://api.telegram.org/bot8668134981:AAFI6iZCi4rMSb8sqSKE2QGg7lIclgR_61w/getUpdates "HTTP/1.1 200 OK"
2026-05-15 22:56:08,783 — INFO — HTTP Request: POST https://api.telegram.org/bot8668134981:AAFI6iZCi4rMSb8sqSKE2QGg7lIclgR_61w/getUpdates "HTTP/1.1 200 OK"
2026-05-15 22:56:18,901 — INFO — HTTP Request: POST https://api.telegram.org/bot8668134981:AAFI6iZCi4rMSb8sqSKE2QGg7lIclgR_61w/getUpdates "HTTP/1.1 200 OK"
2026-05-15 22:56:29,012 — INFO — HTTP Request: POST https://api.telegram.org/bot8668134981:AAFI6iZCi4rMSb8sqSKE2QGg7lIclgR_61w/getUpdates "HTTP/1.1 200 OK"
2026-05-15 22:56:39,137 — INFO — HTTP Request: POST https://api.telegram.org/bot8668134981:AAFI6iZCi4rMSb8sqSKE2QGg7lIclgR_61w/getUpdates "HTTP/1.1 200 OK"
2026-05-15 22:56:43,890 — INFO — Tarama bitti — 2 sinyal
2026-05-15 22:56:43,890 — INFO — PNUT için pozisyon boyutu: 6.0 USDT
2026-05-15 22:56:45,618 — ERROR — Alým hatasý PNUTUSDT: APIError(code=-2015): Invalid API-key, IP, or permissions for action.
2026-05-15 22:56:45,618 — INFO — ARPA için pozisyon boyutu: 6.0 USDT
2026-05-15 22:56:47,365 — ERROR — Alým hatasý ARPAUSDT: APIError(code=-2015): Invalid API-key, IP, or permissions for action.
2026-05-15 22:56:47,366 — INFO — Bu turda alým yapýlmadý.
2026-05-15 22:56:49,191 — INFO — HTTP Request: POST https://api.telegram.org/bot8668134981:AAFI6iZCi4rMSb8sqSKE2QGg7lIclgR_61w/getUpdates "HTTP/1.1 200 OK"
2026-05-15 22:56:59,243 — INFO — HTTP Request: POST https://api.telegram.org/bot8668134981:AAFI6iZCi4rMSb8sqSKE2QGg7lIclgR_61w/getUpdates "HTTP/1.1 200 OK"
2026-05-15 22:57:09,297 — INFO — HTTP Request: POST https://api.telegram.org/bot8668134981:AAFI6iZCi4rMSb8sqSKE2QGg7lIclgR_61w/getUpdates "HTTP/1.1 200 OK"
2026-05-15 22:57:19,349 — INFO — HTTP Request: POST https://api.telegram.org/bot8668134981:AAFI6iZCi4rMSb8sqSKE2QGg7lIclgR_61w/getUpdates "HTTP/1.1 200 OK"
2026-05-15 22:57:29,401 — INFO — HTTP Request: POST https://api.telegram.org/bot8668134981:AAFI6iZCi4rMSb8sqSKE2QGg7lIclgR_61w/getUpdates "HTTP/1.1 200 OK"
2026-05-15 22:57:39,455 — INFO — HTTP Request: POST https://api.telegram.org/bot8668134981:AAFI6iZCi4rMSb8sqSKE2QGg7lIclgR_61w/getUpdates "HTTP/1.1 200 OK"
2026-05-15 22:57:49,508 — INFO — HTTP Request: POST https://api.telegram.org/bot8668134981:AAFI6iZCi4rMSb8sqSKE2QGg7lIclgR_61w/getUpdates "HTTP/1.1 200 OK"
2026-05-15 22:57:59,561 — INFO — HTTP Request: POST https://api.telegram.org/bot8668134981:AAFI6iZCi4rMSb8sqSKE2QGg7lIclgR_61w/getUpdates "HTTP/1.1 200 OK"
2026-05-15 22:58:09,613 — INFO — HTTP Request: POST https://api.telegram.org/bot8668134981:AAFI6iZCi4rMSb8sqSKE2QGg7lIclgR_61w/getUpdates "HTTP/1.1 200 OK"
2026-05-15 22:58:19,665 — INFO — HTTP Request: POST https://api.telegram.org/bot8668134981:AAFI6iZCi4rMSb8sqSKE2QGg7lIclgR_61w/getUpdates "HTTP/1.1 200 OK"
2026-05-15 22:58:29,717 — INFO — HTTP Request: POST https://api.telegram.org/bot8668134981:AAFI6iZCi4rMSb8sqSKE2QGg7lIclgR_61w/getUpdates "HTTP/1.1 200 OK"
2026-05-15 22:58:39,771 — INFO — HTTP Request: POST https://api.telegram.org/bot8668134981:AAFI6iZCi4rMSb8sqSKE2QGg7lIclgR_61w/getUpdates "HTTP/1.1 200 OK"
2026-05-15 22:58:49,824 — INFO — HTTP Request: POST https://api.telegram.org/bot8668134981:AAFI6iZCi4rMSb8sqSKE2QGg7lIclgR_61w/getUpdates "HTTP/1.1 200 OK"
2026-05-15 22:58:59,876 — INFO — HTTP Request: POST https://api.telegram.org/bot8668134981:AAFI6iZCi4rMSb8sqSKE2QGg7lIclgR_61w/getUpdates "HTTP/1.1 200 OK"
2026-05-15 22:59:09,928 — INFO — HTTP Request: POST https://api.telegram.org/bot8668134981:AAFI6iZCi4rMSb8sqSKE2QGg7lIclgR_61w/getUpdates "HTTP/1.1 200 OK"
2026-05-15 22:59:19,981 — INFO — HTTP Request: POST https://api.telegram.org/bot8668134981:AAFI6iZCi4rMSb8sqSKE2QGg7lIclgR_61w/getUpdates "HTTP/1.1 200 OK"
2026-05-15 22:59:30,033 — INFO — HTTP Request: POST https://api.telegram.org/bot8668134981:AAFI6iZCi4rMSb8sqSKE2QGg7lIclgR_61w/getUpdates "HTTP/1.1 200 OK"
2026-05-15 22:59:40,084 — INFO — HTTP Request: POST https://api.telegram.org/bot8668134981:AAFI6iZCi4rMSb8sqSKE2QGg7lIclgR_61w/getUpdates "HTTP/1.1 200 OK"
2026-05-15 22:59:50,137 — INFO — HTTP Request: POST https://api.telegram.org/bot8668134981:AAFI6iZCi4rMSb8sqSKE2QGg7lIclgR_61w/getUpdates "HTTP/1.1 200 OK"
2026-05-15 23:00:00,190 — INFO — HTTP Request: POST https://api.telegram.org/bot8668134981:AAFI6iZCi4rMSb8sqSKE2QGg7lIclgR_61w/getUpdates "HTTP/1.1 200 OK"
2026-05-15 23:00:10,244 — INFO — HTTP Request: POST https://api.telegram.org/bot8668134981:AAFI6iZCi4rMSb8sqSKE2QGg7lIclgR_61w/getUpdates "HTTP/1.1 200 OK"
2026-05-15 23:00:20,295 — INFO — HTTP Request: POST https://api.telegram.org/bot8668134981:AAFI6iZCi4rMSb8sqSKE2QGg7lIclgR_61w/getUpdates "HTTP/1.1 200 OK"
2026-05-15 23:00:30,349 — INFO — HTTP Request: POST https://api.telegram.org/bot8668134981:AAFI6iZCi4rMSb8sqSKE2QGg7lIclgR_61w/getUpdates "HTTP/1.1 200 OK"
2026-05-15 23:00:40,402 — INFO — HTTP Request: POST https://api.telegram.org/bot8668134981:AAFI6iZCi4rMSb8sqSKE2QGg7lIclgR_61w/getUpdates "HTTP/1.1 200 OK"
2026-05-15 23:00:50,454 — INFO — HTTP Request: POST https://api.telegram.org/bot8668134981:AAFI6iZCi4rMSb8sqSKE2QGg7lIclgR_61w/getUpdates "HTTP/1.1 200 OK"
2026-05-15 23:01:00,507 — INFO — HTTP Request: POST https://api.telegram.org/bot8668134981:AAFI6iZCi4rMSb8sqSKE2QGg7lIclgR_61w/getUpdates "HTTP/1.1 200 OK"
2026-05-15 23:01:10,559 — INFO — HTTP Request: POST https://api.telegram.org/bot8668134981:AAFI6iZCi4rMSb8sqSKE2QGg7lIclgR_61w/getUpdates "HTTP/1.1 200 OK"
